[2024-12-21T19:41:03.740+0000] {taskinstance.py:1159} INFO - Dependencies all met for dep_context=non-requeueable deps ti=<TaskInstance: scrape_flipkart_iphone.scrape_flipkart_iphone_data manual__2024-12-21T19:41:01.071650+00:00 [queued]>
[2024-12-21T19:41:03.751+0000] {taskinstance.py:1159} INFO - Dependencies all met for dep_context=requeueable deps ti=<TaskInstance: scrape_flipkart_iphone.scrape_flipkart_iphone_data manual__2024-12-21T19:41:01.071650+00:00 [queued]>
[2024-12-21T19:41:03.753+0000] {taskinstance.py:1361} INFO - Starting attempt 1 of 2
[2024-12-21T19:41:03.771+0000] {taskinstance.py:1382} INFO - Executing <Task(PythonOperator): scrape_flipkart_iphone_data> on 2024-12-21 19:41:01.071650+00:00
[2024-12-21T19:41:03.777+0000] {standard_task_runner.py:57} INFO - Started process 317 to run task
[2024-12-21T19:41:03.781+0000] {standard_task_runner.py:84} INFO - Running: ['***', 'tasks', 'run', 'scrape_flipkart_iphone', 'scrape_flipkart_iphone_data', 'manual__2024-12-21T19:41:01.071650+00:00', '--job-id', '11', '--raw', '--subdir', 'DAGS_FOLDER/basic_scraper.py', '--cfg-path', '/tmp/tmpmodg_mn1']
[2024-12-21T19:41:03.785+0000] {standard_task_runner.py:85} INFO - Job 11: Subtask scrape_flipkart_iphone_data
[2024-12-21T19:41:03.841+0000] {task_command.py:416} INFO - Running <TaskInstance: scrape_flipkart_iphone.scrape_flipkart_iphone_data manual__2024-12-21T19:41:01.071650+00:00 [running]> on host 501c49261416
[2024-12-21T19:41:03.960+0000] {taskinstance.py:1662} INFO - Exporting env vars: AIRFLOW_CTX_DAG_OWNER='Mritunjay' AIRFLOW_CTX_DAG_ID='scrape_flipkart_iphone' AIRFLOW_CTX_TASK_ID='scrape_flipkart_iphone_data' AIRFLOW_CTX_EXECUTION_DATE='2024-12-21T19:41:01.071650+00:00' AIRFLOW_CTX_TRY_NUMBER='1' AIRFLOW_CTX_DAG_RUN_ID='manual__2024-12-21T19:41:01.071650+00:00'
[2024-12-21T19:41:04.891+0000] {logging_mixin.py:154} INFO -                                                 Brand      Price
0                     Apple iPhone 15 (Black, 128 GB)    ₹58,499
1                Apple iPhone 15 Plus (Black, 128 GB)    ₹63,999
2                Apple iPhone 15 Plus (Green, 128 GB)    ₹63,999
3                     Apple iPhone 15 (Green, 128 GB)    ₹58,499
4                 Apple iPhone 15 Plus (Pink, 128 GB)    ₹64,999
5                      Apple iPhone 15 (Pink, 128 GB)    ₹58,499
6                      Apple iPhone 15 (Blue, 128 GB)    ₹58,499
7                 Apple iPhone 15 Plus (Blue, 128 GB)    ₹63,999
8               Apple iPhone 16 (Ultramarine, 256 GB)    ₹89,900
9                      Apple iPhone 16 (Teal, 128 GB)    ₹79,900
10              Apple iPhone 16 (Ultramarine, 128 GB)    ₹79,900
11                    Apple iPhone 16 (Black, 128 GB)    ₹79,900
12                    Apple iPhone 16 (White, 256 GB)    ₹89,900
13                   Apple iPhone 15 (Yellow, 128 GB)    ₹58,499
14                     Apple iPhone 16 (Teal, 256 GB)    ₹89,900
15                     Apple iPhone 15 (Blue, 512 GB)    ₹99,900
16      Apple iPhone 16 Pro (Desert Titanium, 128 GB)  ₹1,19,900
17                     Apple iPhone 16 (Pink, 256 GB)    ₹89,900
18       Apple iPhone 16 Pro (Black Titanium, 128 GB)  ₹1,19,900
19               Apple iPhone 16 Plus (Black, 256 GB)    ₹99,900
20  Apple iPhone 16 Pro Max (Desert Titanium, 256 GB)  ₹1,44,900
21                    Apple iPhone 16 (White, 128 GB)    ₹79,900
22               Apple iPhone 16 Plus (White, 256 GB)    ₹99,900
23                Apple iPhone 14 Plus (Blue, 128 GB)    ₹56,999
[2024-12-21T19:41:04.926+0000] {python.py:194} INFO - Done. Returned value was: None
[2024-12-21T19:41:04.950+0000] {taskinstance.py:1400} INFO - Marking task as SUCCESS. dag_id=scrape_flipkart_iphone, task_id=scrape_flipkart_iphone_data, execution_date=20241221T194101, start_date=20241221T194103, end_date=20241221T194104
[2024-12-21T19:41:05.002+0000] {local_task_job_runner.py:228} INFO - Task exited with return code 0
[2024-12-21T19:41:05.027+0000] {taskinstance.py:2778} INFO - 0 downstream tasks scheduled from follow-on schedule check
