[2024-12-24T17:39:54.011+0000] {processor.py:157} INFO - Started process (PID=3363) to work on /opt/airflow/dags/last_hope.py
[2024-12-24T17:39:54.013+0000] {processor.py:829} INFO - Processing file /opt/airflow/dags/last_hope.py for tasks to queue
[2024-12-24T17:39:54.017+0000] {logging_mixin.py:154} INFO - [2024-12-24T17:39:54.016+0000] {dagbag.py:536} INFO - Filling up the DagBag from /opt/airflow/dags/last_hope.py
[2024-12-24T17:39:55.761+0000] {processor.py:839} INFO - DAG(s) dict_keys(['last_hope']) retrieved from /opt/airflow/dags/last_hope.py
[2024-12-24T17:39:55.945+0000] {logging_mixin.py:154} INFO - [2024-12-24T17:39:55.944+0000] {manager.py:499} INFO - Created Permission View: %s
[2024-12-24T17:39:55.960+0000] {logging_mixin.py:154} INFO - [2024-12-24T17:39:55.960+0000] {manager.py:499} INFO - Created Permission View: %s
[2024-12-24T17:39:55.981+0000] {logging_mixin.py:154} INFO - [2024-12-24T17:39:55.981+0000] {manager.py:499} INFO - Created Permission View: %s
[2024-12-24T17:39:55.990+0000] {logging_mixin.py:154} INFO - [2024-12-24T17:39:55.989+0000] {dag.py:2941} INFO - Sync 1 DAGs
[2024-12-24T17:39:56.039+0000] {logging_mixin.py:154} INFO - [2024-12-24T17:39:56.038+0000] {dag.py:2963} INFO - Creating ORM DAG for last_hope
[2024-12-24T17:39:56.087+0000] {logging_mixin.py:154} INFO - [2024-12-24T17:39:56.086+0000] {dag.py:3722} INFO - Setting next_dagrun for last_hope to 2024-12-24T16:00:00+00:00, run_after=2024-12-24T17:00:00+00:00
[2024-12-24T17:39:56.133+0000] {processor.py:179} INFO - Processing /opt/airflow/dags/last_hope.py took 2.127 seconds
[2024-12-24T17:40:26.332+0000] {processor.py:157} INFO - Started process (PID=3381) to work on /opt/airflow/dags/last_hope.py
[2024-12-24T17:40:26.336+0000] {processor.py:829} INFO - Processing file /opt/airflow/dags/last_hope.py for tasks to queue
[2024-12-24T17:40:26.341+0000] {logging_mixin.py:154} INFO - [2024-12-24T17:40:26.341+0000] {dagbag.py:536} INFO - Filling up the DagBag from /opt/airflow/dags/last_hope.py
[2024-12-24T17:40:28.045+0000] {processor.py:839} INFO - DAG(s) dict_keys(['last_hope']) retrieved from /opt/airflow/dags/last_hope.py
[2024-12-24T17:40:28.106+0000] {logging_mixin.py:154} INFO - [2024-12-24T17:40:28.105+0000] {dag.py:2941} INFO - Sync 1 DAGs
[2024-12-24T17:40:28.143+0000] {logging_mixin.py:154} INFO - [2024-12-24T17:40:28.143+0000] {dag.py:3722} INFO - Setting next_dagrun for last_hope to 2024-12-24T17:00:00+00:00, run_after=2024-12-24T18:00:00+00:00
[2024-12-24T17:40:28.184+0000] {processor.py:179} INFO - Processing /opt/airflow/dags/last_hope.py took 1.860 seconds
[2024-12-24T17:40:58.939+0000] {processor.py:157} INFO - Started process (PID=3399) to work on /opt/airflow/dags/last_hope.py
[2024-12-24T17:40:58.941+0000] {processor.py:829} INFO - Processing file /opt/airflow/dags/last_hope.py for tasks to queue
[2024-12-24T17:40:58.945+0000] {logging_mixin.py:154} INFO - [2024-12-24T17:40:58.944+0000] {dagbag.py:536} INFO - Filling up the DagBag from /opt/airflow/dags/last_hope.py
[2024-12-24T17:41:00.517+0000] {processor.py:839} INFO - DAG(s) dict_keys(['last_hope']) retrieved from /opt/airflow/dags/last_hope.py
[2024-12-24T17:41:00.550+0000] {logging_mixin.py:154} INFO - [2024-12-24T17:41:00.549+0000] {dag.py:2941} INFO - Sync 1 DAGs
[2024-12-24T17:41:00.588+0000] {logging_mixin.py:154} INFO - [2024-12-24T17:41:00.587+0000] {dag.py:3722} INFO - Setting next_dagrun for last_hope to 2024-12-24T17:00:00+00:00, run_after=2024-12-24T18:00:00+00:00
[2024-12-24T17:41:00.651+0000] {processor.py:179} INFO - Processing /opt/airflow/dags/last_hope.py took 1.720 seconds
[2024-12-24T17:41:31.584+0000] {processor.py:157} INFO - Started process (PID=3415) to work on /opt/airflow/dags/last_hope.py
[2024-12-24T17:41:31.596+0000] {processor.py:829} INFO - Processing file /opt/airflow/dags/last_hope.py for tasks to queue
[2024-12-24T17:41:31.616+0000] {logging_mixin.py:154} INFO - [2024-12-24T17:41:31.615+0000] {dagbag.py:536} INFO - Filling up the DagBag from /opt/airflow/dags/last_hope.py
[2024-12-24T17:41:33.645+0000] {processor.py:839} INFO - DAG(s) dict_keys(['last_hope']) retrieved from /opt/airflow/dags/last_hope.py
[2024-12-24T17:41:34.729+0000] {logging_mixin.py:154} INFO - [2024-12-24T17:41:34.729+0000] {dag.py:2941} INFO - Sync 1 DAGs
[2024-12-24T17:41:34.752+0000] {logging_mixin.py:154} INFO - [2024-12-24T17:41:34.751+0000] {dag.py:2963} INFO - Creating ORM DAG for last_hope
[2024-12-24T17:41:34.778+0000] {logging_mixin.py:154} INFO - [2024-12-24T17:41:34.777+0000] {dag.py:3722} INFO - Setting next_dagrun for last_hope to 2024-12-24T16:00:00+00:00, run_after=2024-12-24T17:00:00+00:00
[2024-12-24T17:41:34.830+0000] {processor.py:179} INFO - Processing /opt/airflow/dags/last_hope.py took 3.253 seconds
[2024-12-24T17:42:05.745+0000] {processor.py:157} INFO - Started process (PID=3431) to work on /opt/airflow/dags/last_hope.py
[2024-12-24T17:42:05.748+0000] {processor.py:829} INFO - Processing file /opt/airflow/dags/last_hope.py for tasks to queue
[2024-12-24T17:42:05.752+0000] {logging_mixin.py:154} INFO - [2024-12-24T17:42:05.751+0000] {dagbag.py:536} INFO - Filling up the DagBag from /opt/airflow/dags/last_hope.py
[2024-12-24T17:42:07.460+0000] {processor.py:839} INFO - DAG(s) dict_keys(['last_hope']) retrieved from /opt/airflow/dags/last_hope.py
[2024-12-24T17:42:07.504+0000] {logging_mixin.py:154} INFO - [2024-12-24T17:42:07.503+0000] {dag.py:2941} INFO - Sync 1 DAGs
[2024-12-24T17:42:07.548+0000] {logging_mixin.py:154} INFO - [2024-12-24T17:42:07.547+0000] {dag.py:3722} INFO - Setting next_dagrun for last_hope to 2024-12-24T16:00:00+00:00, run_after=2024-12-24T17:00:00+00:00
[2024-12-24T17:42:07.594+0000] {processor.py:179} INFO - Processing /opt/airflow/dags/last_hope.py took 1.855 seconds
[2024-12-24T17:42:38.040+0000] {processor.py:157} INFO - Started process (PID=3454) to work on /opt/airflow/dags/last_hope.py
[2024-12-24T17:42:38.044+0000] {processor.py:829} INFO - Processing file /opt/airflow/dags/last_hope.py for tasks to queue
[2024-12-24T17:42:38.049+0000] {logging_mixin.py:154} INFO - [2024-12-24T17:42:38.048+0000] {dagbag.py:536} INFO - Filling up the DagBag from /opt/airflow/dags/last_hope.py
[2024-12-24T17:42:39.782+0000] {processor.py:839} INFO - DAG(s) dict_keys(['last_hope']) retrieved from /opt/airflow/dags/last_hope.py
[2024-12-24T17:42:39.815+0000] {logging_mixin.py:154} INFO - [2024-12-24T17:42:39.814+0000] {dag.py:2941} INFO - Sync 1 DAGs
[2024-12-24T17:42:39.851+0000] {logging_mixin.py:154} INFO - [2024-12-24T17:42:39.851+0000] {dag.py:3722} INFO - Setting next_dagrun for last_hope to 2024-12-24T16:00:00+00:00, run_after=2024-12-24T17:00:00+00:00
[2024-12-24T17:42:39.896+0000] {processor.py:179} INFO - Processing /opt/airflow/dags/last_hope.py took 1.862 seconds
[2024-12-24T17:43:10.392+0000] {processor.py:157} INFO - Started process (PID=3470) to work on /opt/airflow/dags/last_hope.py
[2024-12-24T17:43:10.394+0000] {processor.py:829} INFO - Processing file /opt/airflow/dags/last_hope.py for tasks to queue
[2024-12-24T17:43:10.400+0000] {logging_mixin.py:154} INFO - [2024-12-24T17:43:10.399+0000] {dagbag.py:536} INFO - Filling up the DagBag from /opt/airflow/dags/last_hope.py
[2024-12-24T17:43:11.969+0000] {processor.py:839} INFO - DAG(s) dict_keys(['last_hope']) retrieved from /opt/airflow/dags/last_hope.py
[2024-12-24T17:43:12.005+0000] {logging_mixin.py:154} INFO - [2024-12-24T17:43:12.004+0000] {dag.py:2941} INFO - Sync 1 DAGs
[2024-12-24T17:43:12.039+0000] {logging_mixin.py:154} INFO - [2024-12-24T17:43:12.038+0000] {dag.py:3722} INFO - Setting next_dagrun for last_hope to 2024-12-24T16:00:00+00:00, run_after=2024-12-24T17:00:00+00:00
[2024-12-24T17:43:12.074+0000] {processor.py:179} INFO - Processing /opt/airflow/dags/last_hope.py took 1.687 seconds
[2024-12-24T17:43:42.405+0000] {processor.py:157} INFO - Started process (PID=3486) to work on /opt/airflow/dags/last_hope.py
[2024-12-24T17:43:42.407+0000] {processor.py:829} INFO - Processing file /opt/airflow/dags/last_hope.py for tasks to queue
[2024-12-24T17:43:42.411+0000] {logging_mixin.py:154} INFO - [2024-12-24T17:43:42.411+0000] {dagbag.py:536} INFO - Filling up the DagBag from /opt/airflow/dags/last_hope.py
[2024-12-24T17:43:44.125+0000] {processor.py:839} INFO - DAG(s) dict_keys(['last_hope']) retrieved from /opt/airflow/dags/last_hope.py
[2024-12-24T17:43:44.166+0000] {logging_mixin.py:154} INFO - [2024-12-24T17:43:44.164+0000] {dag.py:2941} INFO - Sync 1 DAGs
[2024-12-24T17:43:44.198+0000] {logging_mixin.py:154} INFO - [2024-12-24T17:43:44.198+0000] {dag.py:3722} INFO - Setting next_dagrun for last_hope to 2024-12-24T16:00:00+00:00, run_after=2024-12-24T17:00:00+00:00
[2024-12-24T17:43:44.252+0000] {processor.py:179} INFO - Processing /opt/airflow/dags/last_hope.py took 1.856 seconds
[2024-12-24T17:44:15.107+0000] {processor.py:157} INFO - Started process (PID=3501) to work on /opt/airflow/dags/last_hope.py
[2024-12-24T17:44:15.109+0000] {processor.py:829} INFO - Processing file /opt/airflow/dags/last_hope.py for tasks to queue
[2024-12-24T17:44:15.115+0000] {logging_mixin.py:154} INFO - [2024-12-24T17:44:15.114+0000] {dagbag.py:536} INFO - Filling up the DagBag from /opt/airflow/dags/last_hope.py
[2024-12-24T17:44:16.989+0000] {processor.py:839} INFO - DAG(s) dict_keys(['last_hope']) retrieved from /opt/airflow/dags/last_hope.py
[2024-12-24T17:44:17.031+0000] {logging_mixin.py:154} INFO - [2024-12-24T17:44:17.029+0000] {dag.py:2941} INFO - Sync 1 DAGs
[2024-12-24T17:44:17.070+0000] {logging_mixin.py:154} INFO - [2024-12-24T17:44:17.069+0000] {dag.py:3722} INFO - Setting next_dagrun for last_hope to 2024-12-24T16:00:00+00:00, run_after=2024-12-24T17:00:00+00:00
[2024-12-24T17:44:17.115+0000] {processor.py:179} INFO - Processing /opt/airflow/dags/last_hope.py took 2.016 seconds
[2024-12-24T17:44:47.621+0000] {processor.py:157} INFO - Started process (PID=3517) to work on /opt/airflow/dags/last_hope.py
[2024-12-24T17:44:47.623+0000] {processor.py:829} INFO - Processing file /opt/airflow/dags/last_hope.py for tasks to queue
[2024-12-24T17:44:47.626+0000] {logging_mixin.py:154} INFO - [2024-12-24T17:44:47.626+0000] {dagbag.py:536} INFO - Filling up the DagBag from /opt/airflow/dags/last_hope.py
[2024-12-24T17:44:49.413+0000] {processor.py:839} INFO - DAG(s) dict_keys(['last_hope']) retrieved from /opt/airflow/dags/last_hope.py
[2024-12-24T17:44:49.455+0000] {logging_mixin.py:154} INFO - [2024-12-24T17:44:49.454+0000] {dag.py:2941} INFO - Sync 1 DAGs
[2024-12-24T17:44:49.496+0000] {logging_mixin.py:154} INFO - [2024-12-24T17:44:49.496+0000] {dag.py:3722} INFO - Setting next_dagrun for last_hope to 2024-12-24T16:00:00+00:00, run_after=2024-12-24T17:00:00+00:00
[2024-12-24T17:44:49.536+0000] {processor.py:179} INFO - Processing /opt/airflow/dags/last_hope.py took 1.920 seconds
[2024-12-24T17:45:19.734+0000] {processor.py:157} INFO - Started process (PID=3533) to work on /opt/airflow/dags/last_hope.py
[2024-12-24T17:45:19.737+0000] {processor.py:829} INFO - Processing file /opt/airflow/dags/last_hope.py for tasks to queue
[2024-12-24T17:45:19.744+0000] {logging_mixin.py:154} INFO - [2024-12-24T17:45:19.743+0000] {dagbag.py:536} INFO - Filling up the DagBag from /opt/airflow/dags/last_hope.py
[2024-12-24T17:45:21.455+0000] {processor.py:839} INFO - DAG(s) dict_keys(['last_hope']) retrieved from /opt/airflow/dags/last_hope.py
[2024-12-24T17:45:21.498+0000] {logging_mixin.py:154} INFO - [2024-12-24T17:45:21.497+0000] {dag.py:2941} INFO - Sync 1 DAGs
[2024-12-24T17:45:21.536+0000] {logging_mixin.py:154} INFO - [2024-12-24T17:45:21.535+0000] {dag.py:3722} INFO - Setting next_dagrun for last_hope to 2024-12-24T16:00:00+00:00, run_after=2024-12-24T17:00:00+00:00
[2024-12-24T17:45:21.577+0000] {processor.py:179} INFO - Processing /opt/airflow/dags/last_hope.py took 1.850 seconds
[2024-12-24T17:45:52.084+0000] {processor.py:157} INFO - Started process (PID=3549) to work on /opt/airflow/dags/last_hope.py
[2024-12-24T17:45:52.086+0000] {processor.py:829} INFO - Processing file /opt/airflow/dags/last_hope.py for tasks to queue
[2024-12-24T17:45:52.093+0000] {logging_mixin.py:154} INFO - [2024-12-24T17:45:52.093+0000] {dagbag.py:536} INFO - Filling up the DagBag from /opt/airflow/dags/last_hope.py
[2024-12-24T17:45:53.879+0000] {processor.py:839} INFO - DAG(s) dict_keys(['last_hope']) retrieved from /opt/airflow/dags/last_hope.py
[2024-12-24T17:45:53.920+0000] {logging_mixin.py:154} INFO - [2024-12-24T17:45:53.919+0000] {dag.py:2941} INFO - Sync 1 DAGs
[2024-12-24T17:45:53.971+0000] {logging_mixin.py:154} INFO - [2024-12-24T17:45:53.971+0000] {dag.py:3722} INFO - Setting next_dagrun for last_hope to 2024-12-24T16:00:00+00:00, run_after=2024-12-24T17:00:00+00:00
[2024-12-24T17:45:54.009+0000] {processor.py:179} INFO - Processing /opt/airflow/dags/last_hope.py took 1.930 seconds
[2024-12-24T17:46:24.691+0000] {processor.py:157} INFO - Started process (PID=3565) to work on /opt/airflow/dags/last_hope.py
[2024-12-24T17:46:24.694+0000] {processor.py:829} INFO - Processing file /opt/airflow/dags/last_hope.py for tasks to queue
[2024-12-24T17:46:24.702+0000] {logging_mixin.py:154} INFO - [2024-12-24T17:46:24.702+0000] {dagbag.py:536} INFO - Filling up the DagBag from /opt/airflow/dags/last_hope.py
[2024-12-24T17:46:26.310+0000] {processor.py:839} INFO - DAG(s) dict_keys(['last_hope']) retrieved from /opt/airflow/dags/last_hope.py
[2024-12-24T17:46:26.345+0000] {logging_mixin.py:154} INFO - [2024-12-24T17:46:26.345+0000] {dag.py:2941} INFO - Sync 1 DAGs
[2024-12-24T17:46:26.386+0000] {logging_mixin.py:154} INFO - [2024-12-24T17:46:26.386+0000] {dag.py:3722} INFO - Setting next_dagrun for last_hope to 2024-12-24T16:00:00+00:00, run_after=2024-12-24T17:00:00+00:00
[2024-12-24T17:46:26.424+0000] {processor.py:179} INFO - Processing /opt/airflow/dags/last_hope.py took 1.739 seconds
[2024-12-24T17:46:56.948+0000] {processor.py:157} INFO - Started process (PID=3581) to work on /opt/airflow/dags/last_hope.py
[2024-12-24T17:46:56.951+0000] {processor.py:829} INFO - Processing file /opt/airflow/dags/last_hope.py for tasks to queue
[2024-12-24T17:46:56.954+0000] {logging_mixin.py:154} INFO - [2024-12-24T17:46:56.954+0000] {dagbag.py:536} INFO - Filling up the DagBag from /opt/airflow/dags/last_hope.py
[2024-12-24T17:46:58.548+0000] {processor.py:839} INFO - DAG(s) dict_keys(['last_hope']) retrieved from /opt/airflow/dags/last_hope.py
[2024-12-24T17:46:58.580+0000] {logging_mixin.py:154} INFO - [2024-12-24T17:46:58.579+0000] {dag.py:2941} INFO - Sync 1 DAGs
[2024-12-24T17:46:58.611+0000] {logging_mixin.py:154} INFO - [2024-12-24T17:46:58.611+0000] {dag.py:3722} INFO - Setting next_dagrun for last_hope to 2024-12-24T16:00:00+00:00, run_after=2024-12-24T17:00:00+00:00
[2024-12-24T17:46:58.638+0000] {processor.py:179} INFO - Processing /opt/airflow/dags/last_hope.py took 1.697 seconds
[2024-12-24T17:47:28.803+0000] {processor.py:157} INFO - Started process (PID=3597) to work on /opt/airflow/dags/last_hope.py
[2024-12-24T17:47:28.805+0000] {processor.py:829} INFO - Processing file /opt/airflow/dags/last_hope.py for tasks to queue
[2024-12-24T17:47:28.811+0000] {logging_mixin.py:154} INFO - [2024-12-24T17:47:28.811+0000] {dagbag.py:536} INFO - Filling up the DagBag from /opt/airflow/dags/last_hope.py
[2024-12-24T17:47:30.504+0000] {processor.py:839} INFO - DAG(s) dict_keys(['last_hope']) retrieved from /opt/airflow/dags/last_hope.py
[2024-12-24T17:47:30.539+0000] {logging_mixin.py:154} INFO - [2024-12-24T17:47:30.538+0000] {dag.py:2941} INFO - Sync 1 DAGs
[2024-12-24T17:47:30.581+0000] {logging_mixin.py:154} INFO - [2024-12-24T17:47:30.581+0000] {dag.py:3722} INFO - Setting next_dagrun for last_hope to 2024-12-24T16:00:00+00:00, run_after=2024-12-24T17:00:00+00:00
[2024-12-24T17:47:30.614+0000] {processor.py:179} INFO - Processing /opt/airflow/dags/last_hope.py took 1.818 seconds
[2024-12-24T17:48:00.983+0000] {processor.py:157} INFO - Started process (PID=3613) to work on /opt/airflow/dags/last_hope.py
[2024-12-24T17:48:00.985+0000] {processor.py:829} INFO - Processing file /opt/airflow/dags/last_hope.py for tasks to queue
[2024-12-24T17:48:00.991+0000] {logging_mixin.py:154} INFO - [2024-12-24T17:48:00.991+0000] {dagbag.py:536} INFO - Filling up the DagBag from /opt/airflow/dags/last_hope.py
[2024-12-24T17:48:02.764+0000] {processor.py:839} INFO - DAG(s) dict_keys(['last_hope']) retrieved from /opt/airflow/dags/last_hope.py
[2024-12-24T17:48:02.803+0000] {logging_mixin.py:154} INFO - [2024-12-24T17:48:02.802+0000] {dag.py:2941} INFO - Sync 1 DAGs
[2024-12-24T17:48:02.851+0000] {logging_mixin.py:154} INFO - [2024-12-24T17:48:02.850+0000] {dag.py:3722} INFO - Setting next_dagrun for last_hope to 2024-12-24T16:00:00+00:00, run_after=2024-12-24T17:00:00+00:00
[2024-12-24T17:48:02.887+0000] {processor.py:179} INFO - Processing /opt/airflow/dags/last_hope.py took 1.910 seconds
[2024-12-24T17:48:33.688+0000] {processor.py:157} INFO - Started process (PID=3629) to work on /opt/airflow/dags/last_hope.py
[2024-12-24T17:48:33.691+0000] {processor.py:829} INFO - Processing file /opt/airflow/dags/last_hope.py for tasks to queue
[2024-12-24T17:48:33.696+0000] {logging_mixin.py:154} INFO - [2024-12-24T17:48:33.696+0000] {dagbag.py:536} INFO - Filling up the DagBag from /opt/airflow/dags/last_hope.py
[2024-12-24T17:48:35.316+0000] {processor.py:839} INFO - DAG(s) dict_keys(['last_hope']) retrieved from /opt/airflow/dags/last_hope.py
[2024-12-24T17:48:35.355+0000] {logging_mixin.py:154} INFO - [2024-12-24T17:48:35.354+0000] {dag.py:2941} INFO - Sync 1 DAGs
[2024-12-24T17:48:35.389+0000] {logging_mixin.py:154} INFO - [2024-12-24T17:48:35.388+0000] {dag.py:3722} INFO - Setting next_dagrun for last_hope to 2024-12-24T16:00:00+00:00, run_after=2024-12-24T17:00:00+00:00
[2024-12-24T17:48:35.438+0000] {processor.py:179} INFO - Processing /opt/airflow/dags/last_hope.py took 1.757 seconds
[2024-12-24T17:49:06.181+0000] {processor.py:157} INFO - Started process (PID=3646) to work on /opt/airflow/dags/last_hope.py
[2024-12-24T17:49:06.186+0000] {processor.py:829} INFO - Processing file /opt/airflow/dags/last_hope.py for tasks to queue
[2024-12-24T17:49:06.190+0000] {logging_mixin.py:154} INFO - [2024-12-24T17:49:06.190+0000] {dagbag.py:536} INFO - Filling up the DagBag from /opt/airflow/dags/last_hope.py
[2024-12-24T17:49:07.825+0000] {processor.py:839} INFO - DAG(s) dict_keys(['last_hope']) retrieved from /opt/airflow/dags/last_hope.py
[2024-12-24T17:49:07.859+0000] {logging_mixin.py:154} INFO - [2024-12-24T17:49:07.859+0000] {dag.py:2941} INFO - Sync 1 DAGs
[2024-12-24T17:49:07.891+0000] {logging_mixin.py:154} INFO - [2024-12-24T17:49:07.891+0000] {dag.py:3722} INFO - Setting next_dagrun for last_hope to 2024-12-24T16:00:00+00:00, run_after=2024-12-24T17:00:00+00:00
[2024-12-24T17:49:07.943+0000] {processor.py:179} INFO - Processing /opt/airflow/dags/last_hope.py took 1.766 seconds
[2024-12-24T17:49:38.538+0000] {processor.py:157} INFO - Started process (PID=3670) to work on /opt/airflow/dags/last_hope.py
[2024-12-24T17:49:38.540+0000] {processor.py:829} INFO - Processing file /opt/airflow/dags/last_hope.py for tasks to queue
[2024-12-24T17:49:38.544+0000] {logging_mixin.py:154} INFO - [2024-12-24T17:49:38.543+0000] {dagbag.py:536} INFO - Filling up the DagBag from /opt/airflow/dags/last_hope.py
[2024-12-24T17:49:40.277+0000] {processor.py:839} INFO - DAG(s) dict_keys(['last_hope']) retrieved from /opt/airflow/dags/last_hope.py
[2024-12-24T17:49:40.324+0000] {logging_mixin.py:154} INFO - [2024-12-24T17:49:40.323+0000] {dag.py:2941} INFO - Sync 1 DAGs
[2024-12-24T17:49:40.380+0000] {logging_mixin.py:154} INFO - [2024-12-24T17:49:40.380+0000] {dag.py:3722} INFO - Setting next_dagrun for last_hope to 2024-12-24T16:00:00+00:00, run_after=2024-12-24T17:00:00+00:00
[2024-12-24T17:49:40.435+0000] {processor.py:179} INFO - Processing /opt/airflow/dags/last_hope.py took 1.903 seconds
[2024-12-24T17:49:57.527+0000] {processor.py:157} INFO - Started process (PID=3676) to work on /opt/airflow/dags/last_hope.py
[2024-12-24T17:49:57.530+0000] {processor.py:829} INFO - Processing file /opt/airflow/dags/last_hope.py for tasks to queue
[2024-12-24T17:49:57.535+0000] {logging_mixin.py:154} INFO - [2024-12-24T17:49:57.534+0000] {dagbag.py:536} INFO - Filling up the DagBag from /opt/airflow/dags/last_hope.py
[2024-12-24T17:49:59.463+0000] {processor.py:839} INFO - DAG(s) dict_keys(['last_hope']) retrieved from /opt/airflow/dags/last_hope.py
[2024-12-24T17:49:59.511+0000] {logging_mixin.py:154} INFO - [2024-12-24T17:49:59.509+0000] {dag.py:2941} INFO - Sync 1 DAGs
[2024-12-24T17:49:59.558+0000] {logging_mixin.py:154} INFO - [2024-12-24T17:49:59.558+0000] {dag.py:3722} INFO - Setting next_dagrun for last_hope to 2024-12-24T16:00:00+00:00, run_after=2024-12-24T17:00:00+00:00
[2024-12-24T17:49:59.604+0000] {processor.py:179} INFO - Processing /opt/airflow/dags/last_hope.py took 2.082 seconds
[2024-12-24T17:50:30.192+0000] {processor.py:157} INFO - Started process (PID=3692) to work on /opt/airflow/dags/last_hope.py
[2024-12-24T17:50:30.194+0000] {processor.py:829} INFO - Processing file /opt/airflow/dags/last_hope.py for tasks to queue
[2024-12-24T17:50:30.198+0000] {logging_mixin.py:154} INFO - [2024-12-24T17:50:30.198+0000] {dagbag.py:536} INFO - Filling up the DagBag from /opt/airflow/dags/last_hope.py
[2024-12-24T17:50:32.037+0000] {processor.py:839} INFO - DAG(s) dict_keys(['last_hope']) retrieved from /opt/airflow/dags/last_hope.py
[2024-12-24T17:50:32.079+0000] {logging_mixin.py:154} INFO - [2024-12-24T17:50:32.077+0000] {dag.py:2941} INFO - Sync 1 DAGs
[2024-12-24T17:50:32.130+0000] {logging_mixin.py:154} INFO - [2024-12-24T17:50:32.130+0000] {dag.py:3722} INFO - Setting next_dagrun for last_hope to 2024-12-24T17:00:00+00:00, run_after=2024-12-24T18:00:00+00:00
[2024-12-24T17:50:32.194+0000] {processor.py:179} INFO - Processing /opt/airflow/dags/last_hope.py took 2.012 seconds
[2024-12-24T17:51:03.086+0000] {processor.py:157} INFO - Started process (PID=3712) to work on /opt/airflow/dags/last_hope.py
[2024-12-24T17:51:03.090+0000] {processor.py:829} INFO - Processing file /opt/airflow/dags/last_hope.py for tasks to queue
[2024-12-24T17:51:03.095+0000] {logging_mixin.py:154} INFO - [2024-12-24T17:51:03.095+0000] {dagbag.py:536} INFO - Filling up the DagBag from /opt/airflow/dags/last_hope.py
[2024-12-24T17:51:05.161+0000] {processor.py:839} INFO - DAG(s) dict_keys(['last_hope']) retrieved from /opt/airflow/dags/last_hope.py
[2024-12-24T17:51:05.201+0000] {logging_mixin.py:154} INFO - [2024-12-24T17:51:05.200+0000] {dag.py:2941} INFO - Sync 1 DAGs
[2024-12-24T17:51:05.236+0000] {logging_mixin.py:154} INFO - [2024-12-24T17:51:05.235+0000] {dag.py:3722} INFO - Setting next_dagrun for last_hope to 2024-12-24T17:00:00+00:00, run_after=2024-12-24T18:00:00+00:00
[2024-12-24T17:51:05.284+0000] {processor.py:179} INFO - Processing /opt/airflow/dags/last_hope.py took 2.205 seconds
[2024-12-24T17:51:35.498+0000] {processor.py:157} INFO - Started process (PID=3728) to work on /opt/airflow/dags/last_hope.py
[2024-12-24T17:51:35.502+0000] {processor.py:829} INFO - Processing file /opt/airflow/dags/last_hope.py for tasks to queue
[2024-12-24T17:51:35.507+0000] {logging_mixin.py:154} INFO - [2024-12-24T17:51:35.506+0000] {dagbag.py:536} INFO - Filling up the DagBag from /opt/airflow/dags/last_hope.py
[2024-12-24T17:51:37.314+0000] {processor.py:839} INFO - DAG(s) dict_keys(['last_hope']) retrieved from /opt/airflow/dags/last_hope.py
[2024-12-24T17:51:37.361+0000] {logging_mixin.py:154} INFO - [2024-12-24T17:51:37.360+0000] {dag.py:2941} INFO - Sync 1 DAGs
[2024-12-24T17:51:37.403+0000] {logging_mixin.py:154} INFO - [2024-12-24T17:51:37.403+0000] {dag.py:3722} INFO - Setting next_dagrun for last_hope to 2024-12-24T17:00:00+00:00, run_after=2024-12-24T18:00:00+00:00
[2024-12-24T17:51:37.446+0000] {processor.py:179} INFO - Processing /opt/airflow/dags/last_hope.py took 1.955 seconds
[2024-12-24T17:52:07.962+0000] {processor.py:157} INFO - Started process (PID=3748) to work on /opt/airflow/dags/last_hope.py
[2024-12-24T17:52:07.967+0000] {processor.py:829} INFO - Processing file /opt/airflow/dags/last_hope.py for tasks to queue
[2024-12-24T17:52:07.971+0000] {logging_mixin.py:154} INFO - [2024-12-24T17:52:07.971+0000] {dagbag.py:536} INFO - Filling up the DagBag from /opt/airflow/dags/last_hope.py
[2024-12-24T17:52:10.625+0000] {processor.py:839} INFO - DAG(s) dict_keys(['last_hope']) retrieved from /opt/airflow/dags/last_hope.py
[2024-12-24T17:52:10.687+0000] {logging_mixin.py:154} INFO - [2024-12-24T17:52:10.685+0000] {dag.py:2941} INFO - Sync 1 DAGs
[2024-12-24T17:52:10.748+0000] {logging_mixin.py:154} INFO - [2024-12-24T17:52:10.747+0000] {dag.py:3722} INFO - Setting next_dagrun for last_hope to 2024-12-24T17:00:00+00:00, run_after=2024-12-24T18:00:00+00:00
[2024-12-24T17:52:10.968+0000] {processor.py:179} INFO - Processing /opt/airflow/dags/last_hope.py took 3.012 seconds
[2024-12-24T17:52:41.478+0000] {processor.py:157} INFO - Started process (PID=3771) to work on /opt/airflow/dags/last_hope.py
[2024-12-24T17:52:41.481+0000] {processor.py:829} INFO - Processing file /opt/airflow/dags/last_hope.py for tasks to queue
[2024-12-24T17:52:41.488+0000] {logging_mixin.py:154} INFO - [2024-12-24T17:52:41.487+0000] {dagbag.py:536} INFO - Filling up the DagBag from /opt/airflow/dags/last_hope.py
[2024-12-24T17:52:43.145+0000] {processor.py:839} INFO - DAG(s) dict_keys(['last_hope']) retrieved from /opt/airflow/dags/last_hope.py
[2024-12-24T17:52:43.181+0000] {logging_mixin.py:154} INFO - [2024-12-24T17:52:43.180+0000] {dag.py:2941} INFO - Sync 1 DAGs
[2024-12-24T17:52:43.212+0000] {logging_mixin.py:154} INFO - [2024-12-24T17:52:43.212+0000] {dag.py:3722} INFO - Setting next_dagrun for last_hope to 2024-12-24T17:00:00+00:00, run_after=2024-12-24T18:00:00+00:00
[2024-12-24T17:52:43.253+0000] {processor.py:179} INFO - Processing /opt/airflow/dags/last_hope.py took 1.782 seconds
[2024-12-24T17:53:13.431+0000] {processor.py:157} INFO - Started process (PID=3792) to work on /opt/airflow/dags/last_hope.py
[2024-12-24T17:53:13.434+0000] {processor.py:829} INFO - Processing file /opt/airflow/dags/last_hope.py for tasks to queue
[2024-12-24T17:53:13.441+0000] {logging_mixin.py:154} INFO - [2024-12-24T17:53:13.440+0000] {dagbag.py:536} INFO - Filling up the DagBag from /opt/airflow/dags/last_hope.py
[2024-12-24T17:53:15.216+0000] {processor.py:839} INFO - DAG(s) dict_keys(['last_hope']) retrieved from /opt/airflow/dags/last_hope.py
[2024-12-24T17:53:15.273+0000] {logging_mixin.py:154} INFO - [2024-12-24T17:53:15.271+0000] {dag.py:2941} INFO - Sync 1 DAGs
[2024-12-24T17:53:15.348+0000] {logging_mixin.py:154} INFO - [2024-12-24T17:53:15.348+0000] {dag.py:3722} INFO - Setting next_dagrun for last_hope to 2024-12-24T17:00:00+00:00, run_after=2024-12-24T18:00:00+00:00
[2024-12-24T17:53:15.383+0000] {processor.py:179} INFO - Processing /opt/airflow/dags/last_hope.py took 1.959 seconds
[2024-12-24T17:53:45.923+0000] {processor.py:157} INFO - Started process (PID=3808) to work on /opt/airflow/dags/last_hope.py
[2024-12-24T17:53:45.927+0000] {processor.py:829} INFO - Processing file /opt/airflow/dags/last_hope.py for tasks to queue
[2024-12-24T17:53:45.931+0000] {logging_mixin.py:154} INFO - [2024-12-24T17:53:45.931+0000] {dagbag.py:536} INFO - Filling up the DagBag from /opt/airflow/dags/last_hope.py
[2024-12-24T17:53:47.576+0000] {processor.py:839} INFO - DAG(s) dict_keys(['last_hope']) retrieved from /opt/airflow/dags/last_hope.py
[2024-12-24T17:53:47.612+0000] {logging_mixin.py:154} INFO - [2024-12-24T17:53:47.611+0000] {dag.py:2941} INFO - Sync 1 DAGs
[2024-12-24T17:53:47.650+0000] {logging_mixin.py:154} INFO - [2024-12-24T17:53:47.650+0000] {dag.py:3722} INFO - Setting next_dagrun for last_hope to 2024-12-24T17:00:00+00:00, run_after=2024-12-24T18:00:00+00:00
[2024-12-24T17:53:47.696+0000] {processor.py:179} INFO - Processing /opt/airflow/dags/last_hope.py took 1.780 seconds
[2024-12-24T17:54:18.522+0000] {processor.py:157} INFO - Started process (PID=3828) to work on /opt/airflow/dags/last_hope.py
[2024-12-24T17:54:18.524+0000] {processor.py:829} INFO - Processing file /opt/airflow/dags/last_hope.py for tasks to queue
[2024-12-24T17:54:18.529+0000] {logging_mixin.py:154} INFO - [2024-12-24T17:54:18.529+0000] {dagbag.py:536} INFO - Filling up the DagBag from /opt/airflow/dags/last_hope.py
[2024-12-24T17:54:20.453+0000] {processor.py:839} INFO - DAG(s) dict_keys(['last_hope']) retrieved from /opt/airflow/dags/last_hope.py
[2024-12-24T17:54:20.502+0000] {logging_mixin.py:154} INFO - [2024-12-24T17:54:20.501+0000] {dag.py:2941} INFO - Sync 1 DAGs
[2024-12-24T17:54:20.542+0000] {logging_mixin.py:154} INFO - [2024-12-24T17:54:20.542+0000] {dag.py:3722} INFO - Setting next_dagrun for last_hope to 2024-12-24T17:00:00+00:00, run_after=2024-12-24T18:00:00+00:00
[2024-12-24T17:54:20.593+0000] {processor.py:179} INFO - Processing /opt/airflow/dags/last_hope.py took 2.076 seconds
[2024-12-24T17:54:33.856+0000] {processor.py:157} INFO - Started process (PID=3834) to work on /opt/airflow/dags/last_hope.py
[2024-12-24T17:54:33.859+0000] {processor.py:829} INFO - Processing file /opt/airflow/dags/last_hope.py for tasks to queue
[2024-12-24T17:54:33.878+0000] {logging_mixin.py:154} INFO - [2024-12-24T17:54:33.877+0000] {dagbag.py:536} INFO - Filling up the DagBag from /opt/airflow/dags/last_hope.py
[2024-12-24T17:54:34.998+0000] {processor.py:839} INFO - DAG(s) dict_keys(['last_hope']) retrieved from /opt/airflow/dags/last_hope.py
[2024-12-24T17:54:35.676+0000] {logging_mixin.py:154} INFO - [2024-12-24T17:54:35.676+0000] {dag.py:2941} INFO - Sync 1 DAGs
[2024-12-24T17:54:35.811+0000] {logging_mixin.py:154} INFO - [2024-12-24T17:54:35.810+0000] {dag.py:3722} INFO - Setting next_dagrun for last_hope to 2024-12-24T17:00:00+00:00, run_after=2024-12-24T18:00:00+00:00
[2024-12-24T17:54:35.896+0000] {processor.py:179} INFO - Processing /opt/airflow/dags/last_hope.py took 2.070 seconds
[2024-12-24T17:55:07.029+0000] {processor.py:157} INFO - Started process (PID=3850) to work on /opt/airflow/dags/last_hope.py
[2024-12-24T17:55:07.030+0000] {processor.py:829} INFO - Processing file /opt/airflow/dags/last_hope.py for tasks to queue
[2024-12-24T17:55:07.034+0000] {logging_mixin.py:154} INFO - [2024-12-24T17:55:07.033+0000] {dagbag.py:536} INFO - Filling up the DagBag from /opt/airflow/dags/last_hope.py
[2024-12-24T17:55:07.760+0000] {processor.py:839} INFO - DAG(s) dict_keys(['last_hope']) retrieved from /opt/airflow/dags/last_hope.py
[2024-12-24T17:55:08.234+0000] {logging_mixin.py:154} INFO - [2024-12-24T17:55:08.233+0000] {dag.py:2941} INFO - Sync 1 DAGs
[2024-12-24T17:55:08.257+0000] {logging_mixin.py:154} INFO - [2024-12-24T17:55:08.256+0000] {dag.py:2963} INFO - Creating ORM DAG for last_hope
[2024-12-24T17:55:08.283+0000] {logging_mixin.py:154} INFO - [2024-12-24T17:55:08.283+0000] {dag.py:3722} INFO - Setting next_dagrun for last_hope to 2024-12-24T16:00:00+00:00, run_after=2024-12-24T17:00:00+00:00
[2024-12-24T17:55:08.340+0000] {processor.py:179} INFO - Processing /opt/airflow/dags/last_hope.py took 1.317 seconds
[2024-12-24T17:55:38.771+0000] {processor.py:157} INFO - Started process (PID=3866) to work on /opt/airflow/dags/last_hope.py
[2024-12-24T17:55:38.774+0000] {processor.py:829} INFO - Processing file /opt/airflow/dags/last_hope.py for tasks to queue
[2024-12-24T17:55:38.779+0000] {logging_mixin.py:154} INFO - [2024-12-24T17:55:38.778+0000] {dagbag.py:536} INFO - Filling up the DagBag from /opt/airflow/dags/last_hope.py
[2024-12-24T17:55:39.563+0000] {processor.py:839} INFO - DAG(s) dict_keys(['last_hope']) retrieved from /opt/airflow/dags/last_hope.py
[2024-12-24T17:55:39.608+0000] {logging_mixin.py:154} INFO - [2024-12-24T17:55:39.607+0000] {dag.py:2941} INFO - Sync 1 DAGs
[2024-12-24T17:55:39.718+0000] {logging_mixin.py:154} INFO - [2024-12-24T17:55:39.718+0000] {dag.py:3722} INFO - Setting next_dagrun for last_hope to 2024-12-24T17:00:00+00:00, run_after=2024-12-24T18:00:00+00:00
[2024-12-24T17:55:39.772+0000] {processor.py:179} INFO - Processing /opt/airflow/dags/last_hope.py took 1.008 seconds
[2024-12-24T17:56:10.404+0000] {processor.py:157} INFO - Started process (PID=3889) to work on /opt/airflow/dags/last_hope.py
[2024-12-24T17:56:10.408+0000] {processor.py:829} INFO - Processing file /opt/airflow/dags/last_hope.py for tasks to queue
[2024-12-24T17:56:10.413+0000] {logging_mixin.py:154} INFO - [2024-12-24T17:56:10.412+0000] {dagbag.py:536} INFO - Filling up the DagBag from /opt/airflow/dags/last_hope.py
[2024-12-24T17:56:11.256+0000] {processor.py:839} INFO - DAG(s) dict_keys(['last_hope']) retrieved from /opt/airflow/dags/last_hope.py
[2024-12-24T17:56:11.709+0000] {logging_mixin.py:154} INFO - [2024-12-24T17:56:11.708+0000] {dag.py:2941} INFO - Sync 1 DAGs
[2024-12-24T17:56:11.734+0000] {logging_mixin.py:154} INFO - [2024-12-24T17:56:11.733+0000] {dag.py:2963} INFO - Creating ORM DAG for last_hope
[2024-12-24T17:56:11.759+0000] {logging_mixin.py:154} INFO - [2024-12-24T17:56:11.758+0000] {dag.py:3722} INFO - Setting next_dagrun for last_hope to 2024-12-24T16:00:00+00:00, run_after=2024-12-24T17:00:00+00:00
[2024-12-24T17:56:11.877+0000] {processor.py:179} INFO - Processing /opt/airflow/dags/last_hope.py took 1.481 seconds
[2024-12-24T17:56:42.419+0000] {processor.py:157} INFO - Started process (PID=3905) to work on /opt/airflow/dags/last_hope.py
[2024-12-24T17:56:42.424+0000] {processor.py:829} INFO - Processing file /opt/airflow/dags/last_hope.py for tasks to queue
[2024-12-24T17:56:42.428+0000] {logging_mixin.py:154} INFO - [2024-12-24T17:56:42.428+0000] {dagbag.py:536} INFO - Filling up the DagBag from /opt/airflow/dags/last_hope.py
[2024-12-24T17:56:43.335+0000] {processor.py:839} INFO - DAG(s) dict_keys(['last_hope']) retrieved from /opt/airflow/dags/last_hope.py
[2024-12-24T17:56:43.393+0000] {logging_mixin.py:154} INFO - [2024-12-24T17:56:43.391+0000] {dag.py:2941} INFO - Sync 1 DAGs
[2024-12-24T17:56:43.457+0000] {logging_mixin.py:154} INFO - [2024-12-24T17:56:43.457+0000] {dag.py:3722} INFO - Setting next_dagrun for last_hope to 2024-12-24T16:00:00+00:00, run_after=2024-12-24T17:00:00+00:00
[2024-12-24T17:56:43.506+0000] {processor.py:179} INFO - Processing /opt/airflow/dags/last_hope.py took 1.093 seconds
[2024-12-24T17:57:13.865+0000] {processor.py:157} INFO - Started process (PID=3921) to work on /opt/airflow/dags/last_hope.py
[2024-12-24T17:57:13.867+0000] {processor.py:829} INFO - Processing file /opt/airflow/dags/last_hope.py for tasks to queue
[2024-12-24T17:57:13.872+0000] {logging_mixin.py:154} INFO - [2024-12-24T17:57:13.871+0000] {dagbag.py:536} INFO - Filling up the DagBag from /opt/airflow/dags/last_hope.py
[2024-12-24T17:57:14.560+0000] {processor.py:839} INFO - DAG(s) dict_keys(['last_hope']) retrieved from /opt/airflow/dags/last_hope.py
[2024-12-24T17:57:14.623+0000] {logging_mixin.py:154} INFO - [2024-12-24T17:57:14.622+0000] {dag.py:2941} INFO - Sync 1 DAGs
[2024-12-24T17:57:14.678+0000] {logging_mixin.py:154} INFO - [2024-12-24T17:57:14.677+0000] {dag.py:3722} INFO - Setting next_dagrun for last_hope to 2024-12-24T16:00:00+00:00, run_after=2024-12-24T17:00:00+00:00
[2024-12-24T17:57:14.718+0000] {processor.py:179} INFO - Processing /opt/airflow/dags/last_hope.py took 0.862 seconds
[2024-12-24T17:57:44.937+0000] {processor.py:157} INFO - Started process (PID=3937) to work on /opt/airflow/dags/last_hope.py
[2024-12-24T17:57:44.939+0000] {processor.py:829} INFO - Processing file /opt/airflow/dags/last_hope.py for tasks to queue
[2024-12-24T17:57:44.943+0000] {logging_mixin.py:154} INFO - [2024-12-24T17:57:44.942+0000] {dagbag.py:536} INFO - Filling up the DagBag from /opt/airflow/dags/last_hope.py
[2024-12-24T17:57:45.793+0000] {processor.py:839} INFO - DAG(s) dict_keys(['last_hope']) retrieved from /opt/airflow/dags/last_hope.py
[2024-12-24T17:57:45.831+0000] {logging_mixin.py:154} INFO - [2024-12-24T17:57:45.830+0000] {dag.py:2941} INFO - Sync 1 DAGs
[2024-12-24T17:57:45.873+0000] {logging_mixin.py:154} INFO - [2024-12-24T17:57:45.872+0000] {dag.py:3722} INFO - Setting next_dagrun for last_hope to 2024-12-24T16:00:00+00:00, run_after=2024-12-24T17:00:00+00:00
[2024-12-24T17:57:45.932+0000] {processor.py:179} INFO - Processing /opt/airflow/dags/last_hope.py took 1.002 seconds
[2024-12-24T17:58:16.248+0000] {processor.py:157} INFO - Started process (PID=3952) to work on /opt/airflow/dags/last_hope.py
[2024-12-24T17:58:16.251+0000] {processor.py:829} INFO - Processing file /opt/airflow/dags/last_hope.py for tasks to queue
[2024-12-24T17:58:16.255+0000] {logging_mixin.py:154} INFO - [2024-12-24T17:58:16.255+0000] {dagbag.py:536} INFO - Filling up the DagBag from /opt/airflow/dags/last_hope.py
[2024-12-24T17:58:17.957+0000] {processor.py:839} INFO - DAG(s) dict_keys(['last_hope']) retrieved from /opt/airflow/dags/last_hope.py
[2024-12-24T17:58:18.123+0000] {logging_mixin.py:154} INFO - [2024-12-24T17:58:18.122+0000] {dag.py:2941} INFO - Sync 1 DAGs
[2024-12-24T17:58:18.161+0000] {logging_mixin.py:154} INFO - [2024-12-24T17:58:18.161+0000] {dag.py:3722} INFO - Setting next_dagrun for last_hope to 2024-12-24T17:00:00+00:00, run_after=2024-12-24T18:00:00+00:00
[2024-12-24T17:58:18.202+0000] {processor.py:179} INFO - Processing /opt/airflow/dags/last_hope.py took 1.961 seconds
[2024-12-24T17:58:48.709+0000] {processor.py:157} INFO - Started process (PID=3967) to work on /opt/airflow/dags/last_hope.py
[2024-12-24T17:58:48.713+0000] {processor.py:829} INFO - Processing file /opt/airflow/dags/last_hope.py for tasks to queue
[2024-12-24T17:58:48.719+0000] {logging_mixin.py:154} INFO - [2024-12-24T17:58:48.719+0000] {dagbag.py:536} INFO - Filling up the DagBag from /opt/airflow/dags/last_hope.py
[2024-12-24T17:58:50.506+0000] {processor.py:839} INFO - DAG(s) dict_keys(['last_hope']) retrieved from /opt/airflow/dags/last_hope.py
[2024-12-24T17:58:50.566+0000] {logging_mixin.py:154} INFO - [2024-12-24T17:58:50.564+0000] {dag.py:2941} INFO - Sync 1 DAGs
[2024-12-24T17:58:50.612+0000] {logging_mixin.py:154} INFO - [2024-12-24T17:58:50.611+0000] {dag.py:3722} INFO - Setting next_dagrun for last_hope to 2024-12-24T17:00:00+00:00, run_after=2024-12-24T18:00:00+00:00
[2024-12-24T17:58:50.650+0000] {processor.py:179} INFO - Processing /opt/airflow/dags/last_hope.py took 1.948 seconds
[2024-12-24T17:59:21.435+0000] {processor.py:157} INFO - Started process (PID=3983) to work on /opt/airflow/dags/last_hope.py
[2024-12-24T17:59:21.437+0000] {processor.py:829} INFO - Processing file /opt/airflow/dags/last_hope.py for tasks to queue
[2024-12-24T17:59:21.441+0000] {logging_mixin.py:154} INFO - [2024-12-24T17:59:21.440+0000] {dagbag.py:536} INFO - Filling up the DagBag from /opt/airflow/dags/last_hope.py
[2024-12-24T17:59:23.209+0000] {processor.py:839} INFO - DAG(s) dict_keys(['last_hope']) retrieved from /opt/airflow/dags/last_hope.py
[2024-12-24T17:59:23.248+0000] {logging_mixin.py:154} INFO - [2024-12-24T17:59:23.247+0000] {dag.py:2941} INFO - Sync 1 DAGs
[2024-12-24T17:59:23.299+0000] {logging_mixin.py:154} INFO - [2024-12-24T17:59:23.299+0000] {dag.py:3722} INFO - Setting next_dagrun for last_hope to 2024-12-24T17:00:00+00:00, run_after=2024-12-24T18:00:00+00:00
[2024-12-24T17:59:23.336+0000] {processor.py:179} INFO - Processing /opt/airflow/dags/last_hope.py took 1.908 seconds
[2024-12-24T17:59:53.522+0000] {processor.py:157} INFO - Started process (PID=3999) to work on /opt/airflow/dags/last_hope.py
[2024-12-24T17:59:53.540+0000] {processor.py:829} INFO - Processing file /opt/airflow/dags/last_hope.py for tasks to queue
[2024-12-24T17:59:53.550+0000] {logging_mixin.py:154} INFO - [2024-12-24T17:59:53.550+0000] {dagbag.py:536} INFO - Filling up the DagBag from /opt/airflow/dags/last_hope.py
[2024-12-24T17:59:55.369+0000] {processor.py:839} INFO - DAG(s) dict_keys(['last_hope']) retrieved from /opt/airflow/dags/last_hope.py
[2024-12-24T17:59:55.406+0000] {logging_mixin.py:154} INFO - [2024-12-24T17:59:55.405+0000] {dag.py:2941} INFO - Sync 1 DAGs
[2024-12-24T17:59:55.447+0000] {logging_mixin.py:154} INFO - [2024-12-24T17:59:55.446+0000] {dag.py:3722} INFO - Setting next_dagrun for last_hope to 2024-12-24T17:00:00+00:00, run_after=2024-12-24T18:00:00+00:00
[2024-12-24T17:59:55.492+0000] {processor.py:179} INFO - Processing /opt/airflow/dags/last_hope.py took 1.993 seconds
[2024-12-24T18:00:26.402+0000] {processor.py:157} INFO - Started process (PID=4015) to work on /opt/airflow/dags/last_hope.py
[2024-12-24T18:00:26.404+0000] {processor.py:829} INFO - Processing file /opt/airflow/dags/last_hope.py for tasks to queue
[2024-12-24T18:00:26.409+0000] {logging_mixin.py:154} INFO - [2024-12-24T18:00:26.408+0000] {dagbag.py:536} INFO - Filling up the DagBag from /opt/airflow/dags/last_hope.py
[2024-12-24T18:00:27.976+0000] {processor.py:839} INFO - DAG(s) dict_keys(['last_hope']) retrieved from /opt/airflow/dags/last_hope.py
[2024-12-24T18:00:28.010+0000] {logging_mixin.py:154} INFO - [2024-12-24T18:00:28.009+0000] {dag.py:2941} INFO - Sync 1 DAGs
[2024-12-24T18:00:28.046+0000] {logging_mixin.py:154} INFO - [2024-12-24T18:00:28.045+0000] {dag.py:3722} INFO - Setting next_dagrun for last_hope to 2024-12-24T18:00:00+00:00, run_after=2024-12-24T19:00:00+00:00
[2024-12-24T18:00:28.077+0000] {processor.py:179} INFO - Processing /opt/airflow/dags/last_hope.py took 1.684 seconds
[2024-12-24T18:00:58.412+0000] {processor.py:157} INFO - Started process (PID=4032) to work on /opt/airflow/dags/last_hope.py
[2024-12-24T18:00:58.417+0000] {processor.py:829} INFO - Processing file /opt/airflow/dags/last_hope.py for tasks to queue
[2024-12-24T18:00:58.427+0000] {logging_mixin.py:154} INFO - [2024-12-24T18:00:58.426+0000] {dagbag.py:536} INFO - Filling up the DagBag from /opt/airflow/dags/last_hope.py
[2024-12-24T18:01:00.221+0000] {processor.py:839} INFO - DAG(s) dict_keys(['last_hope']) retrieved from /opt/airflow/dags/last_hope.py
[2024-12-24T18:01:00.386+0000] {logging_mixin.py:154} INFO - [2024-12-24T18:01:00.385+0000] {dag.py:2941} INFO - Sync 1 DAGs
[2024-12-24T18:01:00.497+0000] {logging_mixin.py:154} INFO - [2024-12-24T18:01:00.497+0000] {dag.py:3722} INFO - Setting next_dagrun for last_hope to 2024-12-24T18:00:00+00:00, run_after=2024-12-24T19:00:00+00:00
[2024-12-24T18:01:00.850+0000] {processor.py:179} INFO - Processing /opt/airflow/dags/last_hope.py took 2.443 seconds
[2024-12-24T18:01:31.212+0000] {processor.py:157} INFO - Started process (PID=4047) to work on /opt/airflow/dags/last_hope.py
[2024-12-24T18:01:31.215+0000] {processor.py:829} INFO - Processing file /opt/airflow/dags/last_hope.py for tasks to queue
[2024-12-24T18:01:31.221+0000] {logging_mixin.py:154} INFO - [2024-12-24T18:01:31.220+0000] {dagbag.py:536} INFO - Filling up the DagBag from /opt/airflow/dags/last_hope.py
[2024-12-24T18:01:33.064+0000] {processor.py:839} INFO - DAG(s) dict_keys(['last_hope']) retrieved from /opt/airflow/dags/last_hope.py
[2024-12-24T18:01:33.100+0000] {logging_mixin.py:154} INFO - [2024-12-24T18:01:33.099+0000] {dag.py:2941} INFO - Sync 1 DAGs
[2024-12-24T18:01:33.133+0000] {logging_mixin.py:154} INFO - [2024-12-24T18:01:33.133+0000] {dag.py:3722} INFO - Setting next_dagrun for last_hope to 2024-12-24T18:00:00+00:00, run_after=2024-12-24T19:00:00+00:00
[2024-12-24T18:01:33.167+0000] {processor.py:179} INFO - Processing /opt/airflow/dags/last_hope.py took 1.962 seconds
[2024-12-24T18:01:45.571+0000] {processor.py:157} INFO - Started process (PID=4061) to work on /opt/airflow/dags/last_hope.py
[2024-12-24T18:01:45.573+0000] {processor.py:829} INFO - Processing file /opt/airflow/dags/last_hope.py for tasks to queue
[2024-12-24T18:01:45.577+0000] {logging_mixin.py:154} INFO - [2024-12-24T18:01:45.576+0000] {dagbag.py:536} INFO - Filling up the DagBag from /opt/airflow/dags/last_hope.py
[2024-12-24T18:01:46.263+0000] {processor.py:839} INFO - DAG(s) dict_keys(['last_hope']) retrieved from /opt/airflow/dags/last_hope.py
[2024-12-24T18:01:46.447+0000] {logging_mixin.py:154} INFO - [2024-12-24T18:01:46.446+0000] {dag.py:2941} INFO - Sync 1 DAGs
[2024-12-24T18:01:46.485+0000] {logging_mixin.py:154} INFO - [2024-12-24T18:01:46.485+0000] {dag.py:3722} INFO - Setting next_dagrun for last_hope to 2024-12-24T18:00:00+00:00, run_after=2024-12-24T19:00:00+00:00
[2024-12-24T18:01:46.526+0000] {processor.py:179} INFO - Processing /opt/airflow/dags/last_hope.py took 0.962 seconds
[2024-12-24T18:01:47.608+0000] {processor.py:157} INFO - Started process (PID=4063) to work on /opt/airflow/dags/last_hope.py
[2024-12-24T18:01:47.610+0000] {processor.py:829} INFO - Processing file /opt/airflow/dags/last_hope.py for tasks to queue
[2024-12-24T18:01:47.615+0000] {logging_mixin.py:154} INFO - [2024-12-24T18:01:47.614+0000] {dagbag.py:536} INFO - Filling up the DagBag from /opt/airflow/dags/last_hope.py
[2024-12-24T18:01:48.380+0000] {processor.py:839} INFO - DAG(s) dict_keys(['last_hope']) retrieved from /opt/airflow/dags/last_hope.py
[2024-12-24T18:01:48.403+0000] {logging_mixin.py:154} INFO - [2024-12-24T18:01:48.402+0000] {dag.py:2941} INFO - Sync 1 DAGs
[2024-12-24T18:01:48.445+0000] {logging_mixin.py:154} INFO - [2024-12-24T18:01:48.445+0000] {dag.py:3722} INFO - Setting next_dagrun for last_hope to 2024-12-24T18:00:00+00:00, run_after=2024-12-24T19:00:00+00:00
[2024-12-24T18:01:48.488+0000] {processor.py:179} INFO - Processing /opt/airflow/dags/last_hope.py took 0.886 seconds
[2024-12-24T18:02:19.209+0000] {processor.py:157} INFO - Started process (PID=4079) to work on /opt/airflow/dags/last_hope.py
[2024-12-24T18:02:19.211+0000] {processor.py:829} INFO - Processing file /opt/airflow/dags/last_hope.py for tasks to queue
[2024-12-24T18:02:19.215+0000] {logging_mixin.py:154} INFO - [2024-12-24T18:02:19.215+0000] {dagbag.py:536} INFO - Filling up the DagBag from /opt/airflow/dags/last_hope.py
[2024-12-24T18:02:20.154+0000] {processor.py:839} INFO - DAG(s) dict_keys(['last_hope']) retrieved from /opt/airflow/dags/last_hope.py
[2024-12-24T18:02:20.623+0000] {logging_mixin.py:154} INFO - [2024-12-24T18:02:20.623+0000] {dag.py:2941} INFO - Sync 1 DAGs
[2024-12-24T18:02:20.643+0000] {logging_mixin.py:154} INFO - [2024-12-24T18:02:20.642+0000] {dag.py:2963} INFO - Creating ORM DAG for last_hope
[2024-12-24T18:02:20.661+0000] {logging_mixin.py:154} INFO - [2024-12-24T18:02:20.660+0000] {dag.py:3722} INFO - Setting next_dagrun for last_hope to 2024-12-24T17:00:00+00:00, run_after=2024-12-24T18:00:00+00:00
[2024-12-24T18:02:20.695+0000] {processor.py:179} INFO - Processing /opt/airflow/dags/last_hope.py took 1.492 seconds
[2024-12-24T18:02:50.977+0000] {processor.py:157} INFO - Started process (PID=4095) to work on /opt/airflow/dags/last_hope.py
[2024-12-24T18:02:50.979+0000] {processor.py:829} INFO - Processing file /opt/airflow/dags/last_hope.py for tasks to queue
[2024-12-24T18:02:50.985+0000] {logging_mixin.py:154} INFO - [2024-12-24T18:02:50.985+0000] {dagbag.py:536} INFO - Filling up the DagBag from /opt/airflow/dags/last_hope.py
[2024-12-24T18:02:51.655+0000] {processor.py:839} INFO - DAG(s) dict_keys(['last_hope']) retrieved from /opt/airflow/dags/last_hope.py
[2024-12-24T18:02:51.691+0000] {logging_mixin.py:154} INFO - [2024-12-24T18:02:51.690+0000] {dag.py:2941} INFO - Sync 1 DAGs
[2024-12-24T18:02:51.735+0000] {logging_mixin.py:154} INFO - [2024-12-24T18:02:51.734+0000] {dag.py:3722} INFO - Setting next_dagrun for last_hope to 2024-12-24T17:00:00+00:00, run_after=2024-12-24T18:00:00+00:00
[2024-12-24T18:02:51.764+0000] {processor.py:179} INFO - Processing /opt/airflow/dags/last_hope.py took 0.795 seconds
[2024-12-24T18:03:22.161+0000] {processor.py:157} INFO - Started process (PID=4111) to work on /opt/airflow/dags/last_hope.py
[2024-12-24T18:03:22.163+0000] {processor.py:829} INFO - Processing file /opt/airflow/dags/last_hope.py for tasks to queue
[2024-12-24T18:03:22.168+0000] {logging_mixin.py:154} INFO - [2024-12-24T18:03:22.167+0000] {dagbag.py:536} INFO - Filling up the DagBag from /opt/airflow/dags/last_hope.py
[2024-12-24T18:03:22.870+0000] {processor.py:839} INFO - DAG(s) dict_keys(['last_hope']) retrieved from /opt/airflow/dags/last_hope.py
[2024-12-24T18:03:22.914+0000] {logging_mixin.py:154} INFO - [2024-12-24T18:03:22.912+0000] {dag.py:2941} INFO - Sync 1 DAGs
[2024-12-24T18:03:22.972+0000] {logging_mixin.py:154} INFO - [2024-12-24T18:03:22.972+0000] {dag.py:3722} INFO - Setting next_dagrun for last_hope to 2024-12-24T17:00:00+00:00, run_after=2024-12-24T18:00:00+00:00
[2024-12-24T18:03:23.023+0000] {processor.py:179} INFO - Processing /opt/airflow/dags/last_hope.py took 0.870 seconds
[2024-12-24T18:03:54.103+0000] {processor.py:157} INFO - Started process (PID=4126) to work on /opt/airflow/dags/last_hope.py
[2024-12-24T18:03:54.105+0000] {processor.py:829} INFO - Processing file /opt/airflow/dags/last_hope.py for tasks to queue
[2024-12-24T18:03:54.113+0000] {logging_mixin.py:154} INFO - [2024-12-24T18:03:54.113+0000] {dagbag.py:536} INFO - Filling up the DagBag from /opt/airflow/dags/last_hope.py
[2024-12-24T18:03:54.996+0000] {processor.py:839} INFO - DAG(s) dict_keys(['last_hope']) retrieved from /opt/airflow/dags/last_hope.py
[2024-12-24T18:03:55.062+0000] {logging_mixin.py:154} INFO - [2024-12-24T18:03:55.061+0000] {dag.py:2941} INFO - Sync 1 DAGs
[2024-12-24T18:03:55.154+0000] {logging_mixin.py:154} INFO - [2024-12-24T18:03:55.154+0000] {dag.py:3722} INFO - Setting next_dagrun for last_hope to 2024-12-24T17:00:00+00:00, run_after=2024-12-24T18:00:00+00:00
[2024-12-24T18:03:55.454+0000] {processor.py:179} INFO - Processing /opt/airflow/dags/last_hope.py took 1.366 seconds
[2024-12-24T18:04:25.843+0000] {processor.py:157} INFO - Started process (PID=4142) to work on /opt/airflow/dags/last_hope.py
[2024-12-24T18:04:25.846+0000] {processor.py:829} INFO - Processing file /opt/airflow/dags/last_hope.py for tasks to queue
[2024-12-24T18:04:25.853+0000] {logging_mixin.py:154} INFO - [2024-12-24T18:04:25.852+0000] {dagbag.py:536} INFO - Filling up the DagBag from /opt/airflow/dags/last_hope.py
[2024-12-24T18:04:26.574+0000] {processor.py:839} INFO - DAG(s) dict_keys(['last_hope']) retrieved from /opt/airflow/dags/last_hope.py
[2024-12-24T18:04:26.621+0000] {logging_mixin.py:154} INFO - [2024-12-24T18:04:26.620+0000] {dag.py:2941} INFO - Sync 1 DAGs
[2024-12-24T18:04:26.862+0000] {logging_mixin.py:154} INFO - [2024-12-24T18:04:26.862+0000] {dag.py:3722} INFO - Setting next_dagrun for last_hope to 2024-12-24T17:00:00+00:00, run_after=2024-12-24T18:00:00+00:00
[2024-12-24T18:04:26.904+0000] {processor.py:179} INFO - Processing /opt/airflow/dags/last_hope.py took 1.071 seconds
[2024-12-24T18:04:57.164+0000] {processor.py:157} INFO - Started process (PID=4158) to work on /opt/airflow/dags/last_hope.py
[2024-12-24T18:04:57.168+0000] {processor.py:829} INFO - Processing file /opt/airflow/dags/last_hope.py for tasks to queue
[2024-12-24T18:04:57.171+0000] {logging_mixin.py:154} INFO - [2024-12-24T18:04:57.170+0000] {dagbag.py:536} INFO - Filling up the DagBag from /opt/airflow/dags/last_hope.py
[2024-12-24T18:04:57.960+0000] {processor.py:839} INFO - DAG(s) dict_keys(['last_hope']) retrieved from /opt/airflow/dags/last_hope.py
[2024-12-24T18:04:58.009+0000] {logging_mixin.py:154} INFO - [2024-12-24T18:04:58.008+0000] {dag.py:2941} INFO - Sync 1 DAGs
[2024-12-24T18:04:58.047+0000] {logging_mixin.py:154} INFO - [2024-12-24T18:04:58.047+0000] {dag.py:3722} INFO - Setting next_dagrun for last_hope to 2024-12-24T17:00:00+00:00, run_after=2024-12-24T18:00:00+00:00
[2024-12-24T18:04:58.093+0000] {processor.py:179} INFO - Processing /opt/airflow/dags/last_hope.py took 0.938 seconds
