[2024-12-21T23:04:58.097+0000] {processor.py:157} INFO - Started process (PID=4138) to work on /opt/airflow/dags/demo2.py
[2024-12-21T23:04:58.099+0000] {processor.py:829} INFO - Processing file /opt/airflow/dags/demo2.py for tasks to queue
[2024-12-21T23:04:58.100+0000] {logging_mixin.py:154} INFO - [2024-12-21T23:04:58.100+0000] {dagbag.py:536} INFO - Filling up the DagBag from /opt/airflow/dags/demo2.py
[2024-12-21T23:04:59.747+0000] {processor.py:839} INFO - DAG(s) dict_keys(['demo2_price_prediction']) retrieved from /opt/airflow/dags/demo2.py
[2024-12-21T23:05:00.123+0000] {logging_mixin.py:154} INFO - [2024-12-21T23:05:00.122+0000] {dag.py:2941} INFO - Sync 1 DAGs
[2024-12-21T23:05:00.160+0000] {logging_mixin.py:154} INFO - [2024-12-21T23:05:00.159+0000] {dag.py:3722} INFO - Setting next_dagrun for demo2_price_prediction to 2024-12-21T23:04:00+00:00, run_after=2024-12-21T23:05:00+00:00
[2024-12-21T23:05:00.207+0000] {processor.py:179} INFO - Processing /opt/airflow/dags/demo2.py took 2.118 seconds
[2024-12-21T23:05:30.442+0000] {processor.py:157} INFO - Started process (PID=4154) to work on /opt/airflow/dags/demo2.py
[2024-12-21T23:05:30.443+0000] {processor.py:829} INFO - Processing file /opt/airflow/dags/demo2.py for tasks to queue
[2024-12-21T23:05:30.445+0000] {logging_mixin.py:154} INFO - [2024-12-21T23:05:30.444+0000] {dagbag.py:536} INFO - Filling up the DagBag from /opt/airflow/dags/demo2.py
[2024-12-21T23:05:32.197+0000] {processor.py:839} INFO - DAG(s) dict_keys(['demo2_price_prediction']) retrieved from /opt/airflow/dags/demo2.py
[2024-12-21T23:05:32.238+0000] {logging_mixin.py:154} INFO - [2024-12-21T23:05:32.237+0000] {dag.py:2941} INFO - Sync 1 DAGs
[2024-12-21T23:05:32.278+0000] {logging_mixin.py:154} INFO - [2024-12-21T23:05:32.278+0000] {dag.py:3722} INFO - Setting next_dagrun for demo2_price_prediction to 2024-12-21T23:05:00+00:00, run_after=2024-12-21T23:06:00+00:00
[2024-12-21T23:05:32.320+0000] {processor.py:179} INFO - Processing /opt/airflow/dags/demo2.py took 1.884 seconds
[2024-12-21T23:06:02.988+0000] {processor.py:157} INFO - Started process (PID=4167) to work on /opt/airflow/dags/demo2.py
[2024-12-21T23:06:02.990+0000] {processor.py:829} INFO - Processing file /opt/airflow/dags/demo2.py for tasks to queue
[2024-12-21T23:06:02.992+0000] {logging_mixin.py:154} INFO - [2024-12-21T23:06:02.992+0000] {dagbag.py:536} INFO - Filling up the DagBag from /opt/airflow/dags/demo2.py
[2024-12-21T23:06:04.543+0000] {processor.py:839} INFO - DAG(s) dict_keys(['demo2_price_prediction']) retrieved from /opt/airflow/dags/demo2.py
[2024-12-21T23:06:04.739+0000] {logging_mixin.py:154} INFO - [2024-12-21T23:06:04.738+0000] {dag.py:2941} INFO - Sync 1 DAGs
[2024-12-21T23:06:04.967+0000] {logging_mixin.py:154} INFO - [2024-12-21T23:06:04.965+0000] {dag.py:2963} INFO - Creating ORM DAG for demo2_price_prediction
[2024-12-21T23:06:04.987+0000] {logging_mixin.py:154} INFO - [2024-12-21T23:06:04.987+0000] {dag.py:3722} INFO - Setting next_dagrun for demo2_price_prediction to 2024-12-21T23:05:00+00:00, run_after=2024-12-21T23:06:00+00:00
[2024-12-21T23:06:05.025+0000] {processor.py:179} INFO - Processing /opt/airflow/dags/demo2.py took 2.043 seconds
[2024-12-21T23:06:35.534+0000] {processor.py:157} INFO - Started process (PID=4180) to work on /opt/airflow/dags/demo2.py
[2024-12-21T23:06:35.537+0000] {processor.py:829} INFO - Processing file /opt/airflow/dags/demo2.py for tasks to queue
[2024-12-21T23:06:35.539+0000] {logging_mixin.py:154} INFO - [2024-12-21T23:06:35.539+0000] {dagbag.py:536} INFO - Filling up the DagBag from /opt/airflow/dags/demo2.py
[2024-12-21T23:06:37.126+0000] {processor.py:839} INFO - DAG(s) dict_keys(['demo2_price_prediction']) retrieved from /opt/airflow/dags/demo2.py
[2024-12-21T23:06:37.302+0000] {logging_mixin.py:154} INFO - [2024-12-21T23:06:37.168+0000] {dag.py:2941} INFO - Sync 1 DAGs
[2024-12-21T23:06:37.338+0000] {logging_mixin.py:154} INFO - [2024-12-21T23:06:37.337+0000] {dag.py:3722} INFO - Setting next_dagrun for demo2_price_prediction to 2024-12-21T23:05:00+00:00, run_after=2024-12-21T23:06:00+00:00
[2024-12-21T23:06:37.371+0000] {processor.py:179} INFO - Processing /opt/airflow/dags/demo2.py took 1.842 seconds
[2024-12-21T23:07:07.826+0000] {processor.py:157} INFO - Started process (PID=4193) to work on /opt/airflow/dags/demo2.py
[2024-12-21T23:07:07.828+0000] {processor.py:829} INFO - Processing file /opt/airflow/dags/demo2.py for tasks to queue
[2024-12-21T23:07:07.829+0000] {logging_mixin.py:154} INFO - [2024-12-21T23:07:07.829+0000] {dagbag.py:536} INFO - Filling up the DagBag from /opt/airflow/dags/demo2.py
[2024-12-21T23:07:09.532+0000] {processor.py:839} INFO - DAG(s) dict_keys(['demo2_price_prediction']) retrieved from /opt/airflow/dags/demo2.py
[2024-12-21T23:07:09.567+0000] {logging_mixin.py:154} INFO - [2024-12-21T23:07:09.566+0000] {dag.py:2941} INFO - Sync 1 DAGs
[2024-12-21T23:07:09.600+0000] {logging_mixin.py:154} INFO - [2024-12-21T23:07:09.599+0000] {dag.py:3722} INFO - Setting next_dagrun for demo2_price_prediction to 2024-12-21T23:06:00+00:00, run_after=2024-12-21T23:07:00+00:00
[2024-12-21T23:07:09.625+0000] {processor.py:179} INFO - Processing /opt/airflow/dags/demo2.py took 1.806 seconds
[2024-12-21T23:07:40.123+0000] {processor.py:157} INFO - Started process (PID=4206) to work on /opt/airflow/dags/demo2.py
[2024-12-21T23:07:40.125+0000] {processor.py:829} INFO - Processing file /opt/airflow/dags/demo2.py for tasks to queue
[2024-12-21T23:07:40.128+0000] {logging_mixin.py:154} INFO - [2024-12-21T23:07:40.128+0000] {dagbag.py:536} INFO - Filling up the DagBag from /opt/airflow/dags/demo2.py
[2024-12-21T23:07:41.778+0000] {processor.py:839} INFO - DAG(s) dict_keys(['demo2_price_prediction']) retrieved from /opt/airflow/dags/demo2.py
[2024-12-21T23:07:41.825+0000] {logging_mixin.py:154} INFO - [2024-12-21T23:07:41.824+0000] {dag.py:2941} INFO - Sync 1 DAGs
[2024-12-21T23:07:42.005+0000] {logging_mixin.py:154} INFO - [2024-12-21T23:07:42.005+0000] {dag.py:3722} INFO - Setting next_dagrun for demo2_price_prediction to 2024-12-21T23:06:00+00:00, run_after=2024-12-21T23:07:00+00:00
[2024-12-21T23:07:42.040+0000] {processor.py:179} INFO - Processing /opt/airflow/dags/demo2.py took 1.923 seconds
[2024-12-21T23:08:04.808+0000] {processor.py:157} INFO - Started process (PID=4217) to work on /opt/airflow/dags/demo2.py
[2024-12-21T23:08:04.812+0000] {processor.py:829} INFO - Processing file /opt/airflow/dags/demo2.py for tasks to queue
[2024-12-21T23:08:04.814+0000] {logging_mixin.py:154} INFO - [2024-12-21T23:08:04.813+0000] {dagbag.py:536} INFO - Filling up the DagBag from /opt/airflow/dags/demo2.py
[2024-12-21T23:08:06.669+0000] {processor.py:839} INFO - DAG(s) dict_keys(['scrape_and_merge_flipkart_iphone']) retrieved from /opt/airflow/dags/demo2.py
[2024-12-21T23:08:07.066+0000] {logging_mixin.py:154} INFO - [2024-12-21T23:08:07.065+0000] {dag.py:2941} INFO - Sync 1 DAGs
[2024-12-21T23:08:07.104+0000] {logging_mixin.py:154} INFO - [2024-12-21T23:08:07.104+0000] {dag.py:3722} INFO - Setting next_dagrun for scrape_and_merge_flipkart_iphone to 2024-12-21T23:07:00+00:00, run_after=2024-12-21T23:08:00+00:00
[2024-12-21T23:08:07.158+0000] {processor.py:179} INFO - Processing /opt/airflow/dags/demo2.py took 2.356 seconds
[2024-12-21T23:08:37.983+0000] {processor.py:157} INFO - Started process (PID=4230) to work on /opt/airflow/dags/demo2.py
[2024-12-21T23:08:37.986+0000] {processor.py:829} INFO - Processing file /opt/airflow/dags/demo2.py for tasks to queue
[2024-12-21T23:08:37.988+0000] {logging_mixin.py:154} INFO - [2024-12-21T23:08:37.987+0000] {dagbag.py:536} INFO - Filling up the DagBag from /opt/airflow/dags/demo2.py
[2024-12-21T23:08:39.850+0000] {processor.py:839} INFO - DAG(s) dict_keys(['scrape_and_merge_flipkart_iphone']) retrieved from /opt/airflow/dags/demo2.py
[2024-12-21T23:08:40.126+0000] {logging_mixin.py:154} INFO - [2024-12-21T23:08:39.890+0000] {dag.py:2941} INFO - Sync 1 DAGs
[2024-12-21T23:08:40.179+0000] {logging_mixin.py:154} INFO - [2024-12-21T23:08:40.179+0000] {dag.py:3722} INFO - Setting next_dagrun for scrape_and_merge_flipkart_iphone to 2024-12-21T23:07:00+00:00, run_after=2024-12-21T23:08:00+00:00
[2024-12-21T23:08:40.238+0000] {processor.py:179} INFO - Processing /opt/airflow/dags/demo2.py took 2.262 seconds
[2024-12-21T23:09:10.948+0000] {processor.py:157} INFO - Started process (PID=4243) to work on /opt/airflow/dags/demo2.py
[2024-12-21T23:09:10.950+0000] {processor.py:829} INFO - Processing file /opt/airflow/dags/demo2.py for tasks to queue
[2024-12-21T23:09:10.953+0000] {logging_mixin.py:154} INFO - [2024-12-21T23:09:10.952+0000] {dagbag.py:536} INFO - Filling up the DagBag from /opt/airflow/dags/demo2.py
[2024-12-21T23:09:12.458+0000] {processor.py:839} INFO - DAG(s) dict_keys(['scrape_and_merge_flipkart_iphone']) retrieved from /opt/airflow/dags/demo2.py
[2024-12-21T23:09:12.630+0000] {logging_mixin.py:154} INFO - [2024-12-21T23:09:12.629+0000] {dag.py:2941} INFO - Sync 1 DAGs
[2024-12-21T23:09:12.666+0000] {logging_mixin.py:154} INFO - [2024-12-21T23:09:12.666+0000] {dag.py:3722} INFO - Setting next_dagrun for scrape_and_merge_flipkart_iphone to 2024-12-21T23:08:00+00:00, run_after=2024-12-21T23:09:00+00:00
[2024-12-21T23:09:12.718+0000] {processor.py:179} INFO - Processing /opt/airflow/dags/demo2.py took 1.778 seconds
[2024-12-21T23:09:43.264+0000] {processor.py:157} INFO - Started process (PID=4265) to work on /opt/airflow/dags/demo2.py
[2024-12-21T23:09:43.266+0000] {processor.py:829} INFO - Processing file /opt/airflow/dags/demo2.py for tasks to queue
[2024-12-21T23:09:43.268+0000] {logging_mixin.py:154} INFO - [2024-12-21T23:09:43.268+0000] {dagbag.py:536} INFO - Filling up the DagBag from /opt/airflow/dags/demo2.py
[2024-12-21T23:09:44.637+0000] {processor.py:839} INFO - DAG(s) dict_keys(['scrape_and_merge_flipkart_iphone']) retrieved from /opt/airflow/dags/demo2.py
[2024-12-21T23:09:44.654+0000] {logging_mixin.py:154} INFO - [2024-12-21T23:09:44.653+0000] {dag.py:2941} INFO - Sync 1 DAGs
[2024-12-21T23:09:44.688+0000] {logging_mixin.py:154} INFO - [2024-12-21T23:09:44.687+0000] {dag.py:3722} INFO - Setting next_dagrun for scrape_and_merge_flipkart_iphone to 2024-12-21T23:08:00+00:00, run_after=2024-12-21T23:09:00+00:00
[2024-12-21T23:09:44.725+0000] {processor.py:179} INFO - Processing /opt/airflow/dags/demo2.py took 1.467 seconds
[2024-12-21T23:10:15.127+0000] {processor.py:157} INFO - Started process (PID=4279) to work on /opt/airflow/dags/demo2.py
[2024-12-21T23:10:15.129+0000] {processor.py:829} INFO - Processing file /opt/airflow/dags/demo2.py for tasks to queue
[2024-12-21T23:10:15.130+0000] {logging_mixin.py:154} INFO - [2024-12-21T23:10:15.130+0000] {dagbag.py:536} INFO - Filling up the DagBag from /opt/airflow/dags/demo2.py
[2024-12-21T23:10:16.506+0000] {processor.py:839} INFO - DAG(s) dict_keys(['scrape_and_merge_flipkart_iphone']) retrieved from /opt/airflow/dags/demo2.py
[2024-12-21T23:10:16.806+0000] {logging_mixin.py:154} INFO - [2024-12-21T23:10:16.805+0000] {dag.py:2941} INFO - Sync 1 DAGs
[2024-12-21T23:10:16.838+0000] {logging_mixin.py:154} INFO - [2024-12-21T23:10:16.838+0000] {dag.py:3722} INFO - Setting next_dagrun for scrape_and_merge_flipkart_iphone to 2024-12-21T23:09:00+00:00, run_after=2024-12-21T23:10:00+00:00
[2024-12-21T23:10:16.880+0000] {processor.py:179} INFO - Processing /opt/airflow/dags/demo2.py took 1.762 seconds
[2024-12-21T23:10:47.408+0000] {processor.py:157} INFO - Started process (PID=4292) to work on /opt/airflow/dags/demo2.py
[2024-12-21T23:10:47.411+0000] {processor.py:829} INFO - Processing file /opt/airflow/dags/demo2.py for tasks to queue
[2024-12-21T23:10:47.414+0000] {logging_mixin.py:154} INFO - [2024-12-21T23:10:47.414+0000] {dagbag.py:536} INFO - Filling up the DagBag from /opt/airflow/dags/demo2.py
[2024-12-21T23:10:48.936+0000] {processor.py:839} INFO - DAG(s) dict_keys(['scrape_and_merge_flipkart_iphone']) retrieved from /opt/airflow/dags/demo2.py
[2024-12-21T23:10:48.973+0000] {logging_mixin.py:154} INFO - [2024-12-21T23:10:48.973+0000] {dag.py:2941} INFO - Sync 1 DAGs
[2024-12-21T23:10:49.011+0000] {logging_mixin.py:154} INFO - [2024-12-21T23:10:49.011+0000] {dag.py:3722} INFO - Setting next_dagrun for scrape_and_merge_flipkart_iphone to 2024-12-21T23:09:00+00:00, run_after=2024-12-21T23:10:00+00:00
[2024-12-21T23:10:49.063+0000] {processor.py:179} INFO - Processing /opt/airflow/dags/demo2.py took 1.661 seconds
[2024-12-21T23:11:19.806+0000] {processor.py:157} INFO - Started process (PID=4305) to work on /opt/airflow/dags/demo2.py
[2024-12-21T23:11:19.809+0000] {processor.py:829} INFO - Processing file /opt/airflow/dags/demo2.py for tasks to queue
[2024-12-21T23:11:19.819+0000] {logging_mixin.py:154} INFO - [2024-12-21T23:11:19.819+0000] {dagbag.py:536} INFO - Filling up the DagBag from /opt/airflow/dags/demo2.py
[2024-12-21T23:11:21.379+0000] {processor.py:839} INFO - DAG(s) dict_keys(['scrape_and_merge_flipkart_iphone']) retrieved from /opt/airflow/dags/demo2.py
[2024-12-21T23:11:21.394+0000] {logging_mixin.py:154} INFO - [2024-12-21T23:11:21.394+0000] {dag.py:2941} INFO - Sync 1 DAGs
[2024-12-21T23:11:21.428+0000] {logging_mixin.py:154} INFO - [2024-12-21T23:11:21.428+0000] {dag.py:3722} INFO - Setting next_dagrun for scrape_and_merge_flipkart_iphone to 2024-12-21T23:10:00+00:00, run_after=2024-12-21T23:11:00+00:00
[2024-12-21T23:11:21.475+0000] {processor.py:179} INFO - Processing /opt/airflow/dags/demo2.py took 1.673 seconds
[2024-12-21T23:11:52.041+0000] {processor.py:157} INFO - Started process (PID=4318) to work on /opt/airflow/dags/demo2.py
[2024-12-21T23:11:52.042+0000] {processor.py:829} INFO - Processing file /opt/airflow/dags/demo2.py for tasks to queue
[2024-12-21T23:11:52.044+0000] {logging_mixin.py:154} INFO - [2024-12-21T23:11:52.043+0000] {dagbag.py:536} INFO - Filling up the DagBag from /opt/airflow/dags/demo2.py
[2024-12-21T23:11:53.546+0000] {processor.py:839} INFO - DAG(s) dict_keys(['scrape_and_merge_flipkart_iphone']) retrieved from /opt/airflow/dags/demo2.py
[2024-12-21T23:11:53.863+0000] {logging_mixin.py:154} INFO - [2024-12-21T23:11:53.862+0000] {dag.py:2941} INFO - Sync 1 DAGs
[2024-12-21T23:11:53.893+0000] {logging_mixin.py:154} INFO - [2024-12-21T23:11:53.892+0000] {dag.py:3722} INFO - Setting next_dagrun for scrape_and_merge_flipkart_iphone to 2024-12-21T23:10:00+00:00, run_after=2024-12-21T23:11:00+00:00
[2024-12-21T23:11:53.929+0000] {processor.py:179} INFO - Processing /opt/airflow/dags/demo2.py took 1.893 seconds
[2024-12-21T23:12:24.608+0000] {processor.py:157} INFO - Started process (PID=4331) to work on /opt/airflow/dags/demo2.py
[2024-12-21T23:12:24.610+0000] {processor.py:829} INFO - Processing file /opt/airflow/dags/demo2.py for tasks to queue
[2024-12-21T23:12:24.613+0000] {logging_mixin.py:154} INFO - [2024-12-21T23:12:24.612+0000] {dagbag.py:536} INFO - Filling up the DagBag from /opt/airflow/dags/demo2.py
[2024-12-21T23:12:26.286+0000] {processor.py:839} INFO - DAG(s) dict_keys(['scrape_and_merge_flipkart_iphone']) retrieved from /opt/airflow/dags/demo2.py
[2024-12-21T23:12:26.488+0000] {logging_mixin.py:154} INFO - [2024-12-21T23:12:26.487+0000] {dag.py:2941} INFO - Sync 1 DAGs
[2024-12-21T23:12:26.529+0000] {logging_mixin.py:154} INFO - [2024-12-21T23:12:26.529+0000] {dag.py:3722} INFO - Setting next_dagrun for scrape_and_merge_flipkart_iphone to 2024-12-21T23:11:00+00:00, run_after=2024-12-21T23:12:00+00:00
[2024-12-21T23:12:26.568+0000] {processor.py:179} INFO - Processing /opt/airflow/dags/demo2.py took 1.967 seconds
[2024-12-21T23:12:57.348+0000] {processor.py:157} INFO - Started process (PID=4347) to work on /opt/airflow/dags/demo2.py
[2024-12-21T23:12:57.351+0000] {processor.py:829} INFO - Processing file /opt/airflow/dags/demo2.py for tasks to queue
[2024-12-21T23:12:57.353+0000] {logging_mixin.py:154} INFO - [2024-12-21T23:12:57.352+0000] {dagbag.py:536} INFO - Filling up the DagBag from /opt/airflow/dags/demo2.py
[2024-12-21T23:12:59.013+0000] {processor.py:839} INFO - DAG(s) dict_keys(['scrape_and_merge_flipkart_iphone']) retrieved from /opt/airflow/dags/demo2.py
[2024-12-21T23:12:59.034+0000] {logging_mixin.py:154} INFO - [2024-12-21T23:12:59.033+0000] {dag.py:2941} INFO - Sync 1 DAGs
[2024-12-21T23:12:59.071+0000] {logging_mixin.py:154} INFO - [2024-12-21T23:12:59.071+0000] {dag.py:3722} INFO - Setting next_dagrun for scrape_and_merge_flipkart_iphone to 2024-12-21T23:11:00+00:00, run_after=2024-12-21T23:12:00+00:00
[2024-12-21T23:12:59.106+0000] {processor.py:179} INFO - Processing /opt/airflow/dags/demo2.py took 1.765 seconds
[2024-12-21T23:13:29.732+0000] {processor.py:157} INFO - Started process (PID=4360) to work on /opt/airflow/dags/demo2.py
[2024-12-21T23:13:29.734+0000] {processor.py:829} INFO - Processing file /opt/airflow/dags/demo2.py for tasks to queue
[2024-12-21T23:13:29.735+0000] {logging_mixin.py:154} INFO - [2024-12-21T23:13:29.735+0000] {dagbag.py:536} INFO - Filling up the DagBag from /opt/airflow/dags/demo2.py
[2024-12-21T23:13:31.078+0000] {processor.py:839} INFO - DAG(s) dict_keys(['scrape_and_merge_flipkart_iphone']) retrieved from /opt/airflow/dags/demo2.py
[2024-12-21T23:13:31.396+0000] {logging_mixin.py:154} INFO - [2024-12-21T23:13:31.395+0000] {dag.py:2941} INFO - Sync 1 DAGs
[2024-12-21T23:13:31.424+0000] {logging_mixin.py:154} INFO - [2024-12-21T23:13:31.424+0000] {dag.py:3722} INFO - Setting next_dagrun for scrape_and_merge_flipkart_iphone to 2024-12-21T23:12:00+00:00, run_after=2024-12-21T23:13:00+00:00
[2024-12-21T23:13:31.468+0000] {processor.py:179} INFO - Processing /opt/airflow/dags/demo2.py took 1.742 seconds
[2024-12-21T23:14:02.036+0000] {processor.py:157} INFO - Started process (PID=4373) to work on /opt/airflow/dags/demo2.py
[2024-12-21T23:14:02.039+0000] {processor.py:829} INFO - Processing file /opt/airflow/dags/demo2.py for tasks to queue
[2024-12-21T23:14:02.042+0000] {logging_mixin.py:154} INFO - [2024-12-21T23:14:02.041+0000] {dagbag.py:536} INFO - Filling up the DagBag from /opt/airflow/dags/demo2.py
[2024-12-21T23:14:03.538+0000] {processor.py:839} INFO - DAG(s) dict_keys(['scrape_and_merge_flipkart_iphone']) retrieved from /opt/airflow/dags/demo2.py
[2024-12-21T23:14:03.770+0000] {logging_mixin.py:154} INFO - [2024-12-21T23:14:03.769+0000] {dag.py:2941} INFO - Sync 1 DAGs
[2024-12-21T23:14:03.806+0000] {logging_mixin.py:154} INFO - [2024-12-21T23:14:03.805+0000] {dag.py:3722} INFO - Setting next_dagrun for scrape_and_merge_flipkart_iphone to 2024-12-21T23:13:00+00:00, run_after=2024-12-21T23:14:00+00:00
[2024-12-21T23:14:03.852+0000] {processor.py:179} INFO - Processing /opt/airflow/dags/demo2.py took 1.823 seconds
[2024-12-21T23:14:34.429+0000] {processor.py:157} INFO - Started process (PID=4386) to work on /opt/airflow/dags/demo2.py
[2024-12-21T23:14:34.432+0000] {processor.py:829} INFO - Processing file /opt/airflow/dags/demo2.py for tasks to queue
[2024-12-21T23:14:34.439+0000] {logging_mixin.py:154} INFO - [2024-12-21T23:14:34.438+0000] {dagbag.py:536} INFO - Filling up the DagBag from /opt/airflow/dags/demo2.py
[2024-12-21T23:14:36.285+0000] {processor.py:839} INFO - DAG(s) dict_keys(['scrape_and_merge_flipkart_iphone']) retrieved from /opt/airflow/dags/demo2.py
[2024-12-21T23:14:36.305+0000] {logging_mixin.py:154} INFO - [2024-12-21T23:14:36.304+0000] {dag.py:2941} INFO - Sync 1 DAGs
[2024-12-21T23:14:36.342+0000] {logging_mixin.py:154} INFO - [2024-12-21T23:14:36.342+0000] {dag.py:3722} INFO - Setting next_dagrun for scrape_and_merge_flipkart_iphone to 2024-12-21T23:13:00+00:00, run_after=2024-12-21T23:14:00+00:00
[2024-12-21T23:14:36.389+0000] {processor.py:179} INFO - Processing /opt/airflow/dags/demo2.py took 1.967 seconds
[2024-12-21T23:15:07.092+0000] {processor.py:157} INFO - Started process (PID=4399) to work on /opt/airflow/dags/demo2.py
[2024-12-21T23:15:07.095+0000] {processor.py:829} INFO - Processing file /opt/airflow/dags/demo2.py for tasks to queue
[2024-12-21T23:15:07.098+0000] {logging_mixin.py:154} INFO - [2024-12-21T23:15:07.097+0000] {dagbag.py:536} INFO - Filling up the DagBag from /opt/airflow/dags/demo2.py
[2024-12-21T23:15:08.549+0000] {processor.py:839} INFO - DAG(s) dict_keys(['scrape_and_merge_flipkart_iphone']) retrieved from /opt/airflow/dags/demo2.py
[2024-12-21T23:15:08.883+0000] {logging_mixin.py:154} INFO - [2024-12-21T23:15:08.883+0000] {dag.py:2941} INFO - Sync 1 DAGs
[2024-12-21T23:15:08.917+0000] {logging_mixin.py:154} INFO - [2024-12-21T23:15:08.916+0000] {dag.py:3722} INFO - Setting next_dagrun for scrape_and_merge_flipkart_iphone to 2024-12-21T23:14:00+00:00, run_after=2024-12-21T23:15:00+00:00
[2024-12-21T23:15:08.968+0000] {processor.py:179} INFO - Processing /opt/airflow/dags/demo2.py took 1.884 seconds
[2024-12-21T23:15:39.442+0000] {processor.py:157} INFO - Started process (PID=4413) to work on /opt/airflow/dags/demo2.py
[2024-12-21T23:15:39.444+0000] {processor.py:829} INFO - Processing file /opt/airflow/dags/demo2.py for tasks to queue
[2024-12-21T23:15:39.446+0000] {logging_mixin.py:154} INFO - [2024-12-21T23:15:39.445+0000] {dagbag.py:536} INFO - Filling up the DagBag from /opt/airflow/dags/demo2.py
[2024-12-21T23:15:41.196+0000] {processor.py:839} INFO - DAG(s) dict_keys(['scrape_and_merge_flipkart_iphone']) retrieved from /opt/airflow/dags/demo2.py
[2024-12-21T23:15:41.239+0000] {logging_mixin.py:154} INFO - [2024-12-21T23:15:41.238+0000] {dag.py:2941} INFO - Sync 1 DAGs
[2024-12-21T23:15:41.282+0000] {logging_mixin.py:154} INFO - [2024-12-21T23:15:41.282+0000] {dag.py:3722} INFO - Setting next_dagrun for scrape_and_merge_flipkart_iphone to 2024-12-21T23:14:00+00:00, run_after=2024-12-21T23:15:00+00:00
[2024-12-21T23:15:41.314+0000] {processor.py:179} INFO - Processing /opt/airflow/dags/demo2.py took 1.879 seconds
[2024-12-21T23:16:07.954+0000] {processor.py:157} INFO - Started process (PID=4426) to work on /opt/airflow/dags/demo2.py
[2024-12-21T23:16:07.956+0000] {processor.py:829} INFO - Processing file /opt/airflow/dags/demo2.py for tasks to queue
[2024-12-21T23:16:07.958+0000] {logging_mixin.py:154} INFO - [2024-12-21T23:16:07.958+0000] {dagbag.py:536} INFO - Filling up the DagBag from /opt/airflow/dags/demo2.py
[2024-12-21T23:16:07.991+0000] {logging_mixin.py:154} INFO - [2024-12-21T23:16:07.989+0000] {dagbag.py:346} ERROR - Failed to import: /opt/airflow/dags/demo2.py
Traceback (most recent call last):
  File "/home/airflow/.local/lib/python3.8/site-packages/airflow/models/dagbag.py", line 342, in parse
    loader.exec_module(new_module)
  File "<frozen importlib._bootstrap_external>", line 839, in exec_module
  File "<frozen importlib._bootstrap_external>", line 976, in get_code
  File "<frozen importlib._bootstrap_external>", line 906, in source_to_code
  File "<frozen importlib._bootstrap>", line 219, in _call_with_frames_removed
  File "/opt/airflow/dags/demo2.py", line 89
    def make_scatterplot():
    ^
IndentationError: unexpected unindent
[2024-12-21T23:16:07.992+0000] {processor.py:841} WARNING - No viable dags retrieved from /opt/airflow/dags/demo2.py
[2024-12-21T23:16:08.032+0000] {processor.py:179} INFO - Processing /opt/airflow/dags/demo2.py took 0.084 seconds
[2024-12-21T23:16:09.086+0000] {processor.py:157} INFO - Started process (PID=4427) to work on /opt/airflow/dags/demo2.py
[2024-12-21T23:16:09.088+0000] {processor.py:829} INFO - Processing file /opt/airflow/dags/demo2.py for tasks to queue
[2024-12-21T23:16:09.090+0000] {logging_mixin.py:154} INFO - [2024-12-21T23:16:09.090+0000] {dagbag.py:536} INFO - Filling up the DagBag from /opt/airflow/dags/demo2.py
[2024-12-21T23:16:09.122+0000] {logging_mixin.py:154} INFO - [2024-12-21T23:16:09.121+0000] {dagbag.py:346} ERROR - Failed to import: /opt/airflow/dags/demo2.py
Traceback (most recent call last):
  File "/home/airflow/.local/lib/python3.8/site-packages/airflow/models/dagbag.py", line 342, in parse
    loader.exec_module(new_module)
  File "<frozen importlib._bootstrap_external>", line 839, in exec_module
  File "<frozen importlib._bootstrap_external>", line 976, in get_code
  File "<frozen importlib._bootstrap_external>", line 906, in source_to_code
  File "<frozen importlib._bootstrap>", line 219, in _call_with_frames_removed
  File "/opt/airflow/dags/demo2.py", line 89
    def make_scatterplot():
    ^
IndentationError: unexpected unindent
[2024-12-21T23:16:09.123+0000] {processor.py:841} WARNING - No viable dags retrieved from /opt/airflow/dags/demo2.py
[2024-12-21T23:16:09.158+0000] {processor.py:179} INFO - Processing /opt/airflow/dags/demo2.py took 0.077 seconds
[2024-12-21T23:16:39.631+0000] {processor.py:157} INFO - Started process (PID=4440) to work on /opt/airflow/dags/demo2.py
[2024-12-21T23:16:39.633+0000] {processor.py:829} INFO - Processing file /opt/airflow/dags/demo2.py for tasks to queue
[2024-12-21T23:16:39.635+0000] {logging_mixin.py:154} INFO - [2024-12-21T23:16:39.635+0000] {dagbag.py:536} INFO - Filling up the DagBag from /opt/airflow/dags/demo2.py
[2024-12-21T23:16:39.691+0000] {logging_mixin.py:154} INFO - [2024-12-21T23:16:39.689+0000] {dagbag.py:346} ERROR - Failed to import: /opt/airflow/dags/demo2.py
Traceback (most recent call last):
  File "/home/airflow/.local/lib/python3.8/site-packages/airflow/models/dagbag.py", line 342, in parse
    loader.exec_module(new_module)
  File "<frozen importlib._bootstrap_external>", line 839, in exec_module
  File "<frozen importlib._bootstrap_external>", line 976, in get_code
  File "<frozen importlib._bootstrap_external>", line 906, in source_to_code
  File "<frozen importlib._bootstrap>", line 219, in _call_with_frames_removed
  File "/opt/airflow/dags/demo2.py", line 89
    def make_scatterplot():
    ^
IndentationError: unexpected unindent
[2024-12-21T23:16:39.693+0000] {processor.py:841} WARNING - No viable dags retrieved from /opt/airflow/dags/demo2.py
[2024-12-21T23:16:39.748+0000] {processor.py:179} INFO - Processing /opt/airflow/dags/demo2.py took 0.124 seconds
