[2024-12-25T19:06:21.632+0000] {processor.py:157} INFO - Started process (PID=86) to work on /opt/airflow/dags/price_prediction.py
[2024-12-25T19:06:21.633+0000] {processor.py:829} INFO - Processing file /opt/airflow/dags/price_prediction.py for tasks to queue
[2024-12-25T19:06:21.639+0000] {logging_mixin.py:154} INFO - [2024-12-25T19:06:21.638+0000] {dagbag.py:536} INFO - Filling up the DagBag from /opt/airflow/dags/price_prediction.py
[2024-12-25T19:06:25.147+0000] {processor.py:839} INFO - DAG(s) dict_keys(['flight_price_prediction']) retrieved from /opt/airflow/dags/price_prediction.py
[2024-12-25T19:06:25.204+0000] {logging_mixin.py:154} INFO - [2024-12-25T19:06:25.203+0000] {dag.py:2941} INFO - Sync 1 DAGs
[2024-12-25T19:06:25.253+0000] {logging_mixin.py:154} INFO - [2024-12-25T19:06:25.253+0000] {dag.py:3722} INFO - Setting next_dagrun for flight_price_prediction to 2024-12-24T00:00:00+00:00, run_after=2024-12-25T00:00:00+00:00
[2024-12-25T19:06:25.285+0000] {processor.py:179} INFO - Processing /opt/airflow/dags/price_prediction.py took 3.659 seconds
[2024-12-25T19:06:55.663+0000] {processor.py:157} INFO - Started process (PID=108) to work on /opt/airflow/dags/price_prediction.py
[2024-12-25T19:06:55.665+0000] {processor.py:829} INFO - Processing file /opt/airflow/dags/price_prediction.py for tasks to queue
[2024-12-25T19:06:55.669+0000] {logging_mixin.py:154} INFO - [2024-12-25T19:06:55.669+0000] {dagbag.py:536} INFO - Filling up the DagBag from /opt/airflow/dags/price_prediction.py
[2024-12-25T19:06:57.407+0000] {processor.py:839} INFO - DAG(s) dict_keys(['flight_price_prediction']) retrieved from /opt/airflow/dags/price_prediction.py
[2024-12-25T19:06:57.445+0000] {logging_mixin.py:154} INFO - [2024-12-25T19:06:57.445+0000] {dag.py:2941} INFO - Sync 1 DAGs
[2024-12-25T19:06:57.487+0000] {logging_mixin.py:154} INFO - [2024-12-25T19:06:57.486+0000] {dag.py:3722} INFO - Setting next_dagrun for flight_price_prediction to 2024-12-24T00:00:00+00:00, run_after=2024-12-25T00:00:00+00:00
[2024-12-25T19:06:57.519+0000] {processor.py:179} INFO - Processing /opt/airflow/dags/price_prediction.py took 1.864 seconds
[2024-12-25T19:07:28.024+0000] {processor.py:157} INFO - Started process (PID=130) to work on /opt/airflow/dags/price_prediction.py
[2024-12-25T19:07:28.026+0000] {processor.py:829} INFO - Processing file /opt/airflow/dags/price_prediction.py for tasks to queue
[2024-12-25T19:07:28.029+0000] {logging_mixin.py:154} INFO - [2024-12-25T19:07:28.029+0000] {dagbag.py:536} INFO - Filling up the DagBag from /opt/airflow/dags/price_prediction.py
[2024-12-25T19:07:29.763+0000] {processor.py:839} INFO - DAG(s) dict_keys(['flight_price_prediction']) retrieved from /opt/airflow/dags/price_prediction.py
[2024-12-25T19:07:29.802+0000] {logging_mixin.py:154} INFO - [2024-12-25T19:07:29.802+0000] {dag.py:2941} INFO - Sync 1 DAGs
[2024-12-25T19:07:29.844+0000] {logging_mixin.py:154} INFO - [2024-12-25T19:07:29.843+0000] {dag.py:3722} INFO - Setting next_dagrun for flight_price_prediction to 2024-12-24T00:00:00+00:00, run_after=2024-12-25T00:00:00+00:00
[2024-12-25T19:07:29.883+0000] {processor.py:179} INFO - Processing /opt/airflow/dags/price_prediction.py took 1.871 seconds
[2024-12-25T19:08:00.513+0000] {processor.py:157} INFO - Started process (PID=151) to work on /opt/airflow/dags/price_prediction.py
[2024-12-25T19:08:00.524+0000] {processor.py:829} INFO - Processing file /opt/airflow/dags/price_prediction.py for tasks to queue
[2024-12-25T19:08:00.529+0000] {logging_mixin.py:154} INFO - [2024-12-25T19:08:00.528+0000] {dagbag.py:536} INFO - Filling up the DagBag from /opt/airflow/dags/price_prediction.py
[2024-12-25T19:08:02.149+0000] {processor.py:839} INFO - DAG(s) dict_keys(['flight_price_prediction']) retrieved from /opt/airflow/dags/price_prediction.py
[2024-12-25T19:08:02.201+0000] {logging_mixin.py:154} INFO - [2024-12-25T19:08:02.199+0000] {dag.py:2941} INFO - Sync 1 DAGs
[2024-12-25T19:08:02.240+0000] {logging_mixin.py:154} INFO - [2024-12-25T19:08:02.240+0000] {dag.py:3722} INFO - Setting next_dagrun for flight_price_prediction to 2024-12-24T00:00:00+00:00, run_after=2024-12-25T00:00:00+00:00
[2024-12-25T19:08:02.283+0000] {processor.py:179} INFO - Processing /opt/airflow/dags/price_prediction.py took 1.775 seconds
[2024-12-25T19:08:32.797+0000] {processor.py:157} INFO - Started process (PID=173) to work on /opt/airflow/dags/price_prediction.py
[2024-12-25T19:08:32.800+0000] {processor.py:829} INFO - Processing file /opt/airflow/dags/price_prediction.py for tasks to queue
[2024-12-25T19:08:32.803+0000] {logging_mixin.py:154} INFO - [2024-12-25T19:08:32.803+0000] {dagbag.py:536} INFO - Filling up the DagBag from /opt/airflow/dags/price_prediction.py
[2024-12-25T19:08:34.530+0000] {processor.py:839} INFO - DAG(s) dict_keys(['flight_price_prediction']) retrieved from /opt/airflow/dags/price_prediction.py
[2024-12-25T19:08:34.568+0000] {logging_mixin.py:154} INFO - [2024-12-25T19:08:34.566+0000] {dag.py:2941} INFO - Sync 1 DAGs
[2024-12-25T19:08:34.612+0000] {logging_mixin.py:154} INFO - [2024-12-25T19:08:34.611+0000] {dag.py:3722} INFO - Setting next_dagrun for flight_price_prediction to 2024-12-24T00:00:00+00:00, run_after=2024-12-25T00:00:00+00:00
[2024-12-25T19:08:34.644+0000] {processor.py:179} INFO - Processing /opt/airflow/dags/price_prediction.py took 1.852 seconds
[2024-12-25T19:09:05.140+0000] {processor.py:157} INFO - Started process (PID=196) to work on /opt/airflow/dags/price_prediction.py
[2024-12-25T19:09:05.143+0000] {processor.py:829} INFO - Processing file /opt/airflow/dags/price_prediction.py for tasks to queue
[2024-12-25T19:09:05.147+0000] {logging_mixin.py:154} INFO - [2024-12-25T19:09:05.146+0000] {dagbag.py:536} INFO - Filling up the DagBag from /opt/airflow/dags/price_prediction.py
[2024-12-25T19:09:06.701+0000] {processor.py:839} INFO - DAG(s) dict_keys(['flight_price_prediction']) retrieved from /opt/airflow/dags/price_prediction.py
[2024-12-25T19:09:06.756+0000] {logging_mixin.py:154} INFO - [2024-12-25T19:09:06.755+0000] {dag.py:2941} INFO - Sync 1 DAGs
[2024-12-25T19:09:06.810+0000] {logging_mixin.py:154} INFO - [2024-12-25T19:09:06.809+0000] {dag.py:3722} INFO - Setting next_dagrun for flight_price_prediction to 2024-12-24T00:00:00+00:00, run_after=2024-12-25T00:00:00+00:00
[2024-12-25T19:09:06.849+0000] {processor.py:179} INFO - Processing /opt/airflow/dags/price_prediction.py took 1.714 seconds
[2024-12-25T19:09:37.554+0000] {processor.py:157} INFO - Started process (PID=217) to work on /opt/airflow/dags/price_prediction.py
[2024-12-25T19:09:37.556+0000] {processor.py:829} INFO - Processing file /opt/airflow/dags/price_prediction.py for tasks to queue
[2024-12-25T19:09:37.560+0000] {logging_mixin.py:154} INFO - [2024-12-25T19:09:37.560+0000] {dagbag.py:536} INFO - Filling up the DagBag from /opt/airflow/dags/price_prediction.py
[2024-12-25T19:09:39.209+0000] {processor.py:839} INFO - DAG(s) dict_keys(['flight_price_prediction']) retrieved from /opt/airflow/dags/price_prediction.py
[2024-12-25T19:09:39.250+0000] {logging_mixin.py:154} INFO - [2024-12-25T19:09:39.249+0000] {dag.py:2941} INFO - Sync 1 DAGs
[2024-12-25T19:09:39.285+0000] {logging_mixin.py:154} INFO - [2024-12-25T19:09:39.285+0000] {dag.py:3722} INFO - Setting next_dagrun for flight_price_prediction to 2024-12-24T00:00:00+00:00, run_after=2024-12-25T00:00:00+00:00
[2024-12-25T19:09:39.322+0000] {processor.py:179} INFO - Processing /opt/airflow/dags/price_prediction.py took 1.772 seconds
[2024-12-25T19:10:09.793+0000] {processor.py:157} INFO - Started process (PID=246) to work on /opt/airflow/dags/price_prediction.py
[2024-12-25T19:10:09.795+0000] {processor.py:829} INFO - Processing file /opt/airflow/dags/price_prediction.py for tasks to queue
[2024-12-25T19:10:09.800+0000] {logging_mixin.py:154} INFO - [2024-12-25T19:10:09.798+0000] {dagbag.py:536} INFO - Filling up the DagBag from /opt/airflow/dags/price_prediction.py
[2024-12-25T19:10:11.477+0000] {processor.py:839} INFO - DAG(s) dict_keys(['flight_price_prediction']) retrieved from /opt/airflow/dags/price_prediction.py
[2024-12-25T19:10:11.517+0000] {logging_mixin.py:154} INFO - [2024-12-25T19:10:11.516+0000] {dag.py:2941} INFO - Sync 1 DAGs
[2024-12-25T19:10:11.555+0000] {logging_mixin.py:154} INFO - [2024-12-25T19:10:11.555+0000] {dag.py:3722} INFO - Setting next_dagrun for flight_price_prediction to 2024-12-24T00:00:00+00:00, run_after=2024-12-25T00:00:00+00:00
[2024-12-25T19:10:11.586+0000] {processor.py:179} INFO - Processing /opt/airflow/dags/price_prediction.py took 1.800 seconds
[2024-12-25T19:10:42.032+0000] {processor.py:157} INFO - Started process (PID=268) to work on /opt/airflow/dags/price_prediction.py
[2024-12-25T19:10:42.035+0000] {processor.py:829} INFO - Processing file /opt/airflow/dags/price_prediction.py for tasks to queue
[2024-12-25T19:10:42.040+0000] {logging_mixin.py:154} INFO - [2024-12-25T19:10:42.039+0000] {dagbag.py:536} INFO - Filling up the DagBag from /opt/airflow/dags/price_prediction.py
[2024-12-25T19:10:43.637+0000] {processor.py:839} INFO - DAG(s) dict_keys(['flight_price_prediction']) retrieved from /opt/airflow/dags/price_prediction.py
[2024-12-25T19:10:43.679+0000] {logging_mixin.py:154} INFO - [2024-12-25T19:10:43.678+0000] {dag.py:2941} INFO - Sync 1 DAGs
[2024-12-25T19:10:43.713+0000] {logging_mixin.py:154} INFO - [2024-12-25T19:10:43.712+0000] {dag.py:3722} INFO - Setting next_dagrun for flight_price_prediction to 2024-12-24T00:00:00+00:00, run_after=2024-12-25T00:00:00+00:00
[2024-12-25T19:10:43.749+0000] {processor.py:179} INFO - Processing /opt/airflow/dags/price_prediction.py took 1.725 seconds
[2024-12-25T19:11:14.239+0000] {processor.py:157} INFO - Started process (PID=290) to work on /opt/airflow/dags/price_prediction.py
[2024-12-25T19:11:14.241+0000] {processor.py:829} INFO - Processing file /opt/airflow/dags/price_prediction.py for tasks to queue
[2024-12-25T19:11:14.246+0000] {logging_mixin.py:154} INFO - [2024-12-25T19:11:14.245+0000] {dagbag.py:536} INFO - Filling up the DagBag from /opt/airflow/dags/price_prediction.py
[2024-12-25T19:11:15.685+0000] {processor.py:839} INFO - DAG(s) dict_keys(['flight_price_prediction']) retrieved from /opt/airflow/dags/price_prediction.py
[2024-12-25T19:11:15.716+0000] {logging_mixin.py:154} INFO - [2024-12-25T19:11:15.715+0000] {dag.py:2941} INFO - Sync 1 DAGs
[2024-12-25T19:11:15.749+0000] {logging_mixin.py:154} INFO - [2024-12-25T19:11:15.748+0000] {dag.py:3722} INFO - Setting next_dagrun for flight_price_prediction to 2024-12-24T00:00:00+00:00, run_after=2024-12-25T00:00:00+00:00
[2024-12-25T19:11:15.787+0000] {processor.py:179} INFO - Processing /opt/airflow/dags/price_prediction.py took 1.555 seconds
[2024-12-25T19:11:46.370+0000] {processor.py:157} INFO - Started process (PID=311) to work on /opt/airflow/dags/price_prediction.py
[2024-12-25T19:11:46.372+0000] {processor.py:829} INFO - Processing file /opt/airflow/dags/price_prediction.py for tasks to queue
[2024-12-25T19:11:46.376+0000] {logging_mixin.py:154} INFO - [2024-12-25T19:11:46.376+0000] {dagbag.py:536} INFO - Filling up the DagBag from /opt/airflow/dags/price_prediction.py
[2024-12-25T19:11:47.991+0000] {processor.py:839} INFO - DAG(s) dict_keys(['flight_price_prediction']) retrieved from /opt/airflow/dags/price_prediction.py
[2024-12-25T19:11:48.025+0000] {logging_mixin.py:154} INFO - [2024-12-25T19:11:48.024+0000] {dag.py:2941} INFO - Sync 1 DAGs
[2024-12-25T19:11:48.073+0000] {logging_mixin.py:154} INFO - [2024-12-25T19:11:48.072+0000] {dag.py:3722} INFO - Setting next_dagrun for flight_price_prediction to 2024-12-24T00:00:00+00:00, run_after=2024-12-25T00:00:00+00:00
[2024-12-25T19:11:48.112+0000] {processor.py:179} INFO - Processing /opt/airflow/dags/price_prediction.py took 1.748 seconds
[2024-12-25T19:12:18.586+0000] {processor.py:157} INFO - Started process (PID=333) to work on /opt/airflow/dags/price_prediction.py
[2024-12-25T19:12:18.588+0000] {processor.py:829} INFO - Processing file /opt/airflow/dags/price_prediction.py for tasks to queue
[2024-12-25T19:12:18.592+0000] {logging_mixin.py:154} INFO - [2024-12-25T19:12:18.591+0000] {dagbag.py:536} INFO - Filling up the DagBag from /opt/airflow/dags/price_prediction.py
[2024-12-25T19:12:20.223+0000] {processor.py:839} INFO - DAG(s) dict_keys(['flight_price_prediction']) retrieved from /opt/airflow/dags/price_prediction.py
[2024-12-25T19:12:20.262+0000] {logging_mixin.py:154} INFO - [2024-12-25T19:12:20.261+0000] {dag.py:2941} INFO - Sync 1 DAGs
[2024-12-25T19:12:20.298+0000] {logging_mixin.py:154} INFO - [2024-12-25T19:12:20.297+0000] {dag.py:3722} INFO - Setting next_dagrun for flight_price_prediction to 2024-12-24T00:00:00+00:00, run_after=2024-12-25T00:00:00+00:00
[2024-12-25T19:12:20.348+0000] {processor.py:179} INFO - Processing /opt/airflow/dags/price_prediction.py took 1.769 seconds
[2024-12-25T19:12:50.860+0000] {processor.py:157} INFO - Started process (PID=355) to work on /opt/airflow/dags/price_prediction.py
[2024-12-25T19:12:50.862+0000] {processor.py:829} INFO - Processing file /opt/airflow/dags/price_prediction.py for tasks to queue
[2024-12-25T19:12:50.867+0000] {logging_mixin.py:154} INFO - [2024-12-25T19:12:50.867+0000] {dagbag.py:536} INFO - Filling up the DagBag from /opt/airflow/dags/price_prediction.py
[2024-12-25T19:12:52.352+0000] {processor.py:839} INFO - DAG(s) dict_keys(['flight_price_prediction']) retrieved from /opt/airflow/dags/price_prediction.py
[2024-12-25T19:12:52.397+0000] {logging_mixin.py:154} INFO - [2024-12-25T19:12:52.396+0000] {dag.py:2941} INFO - Sync 1 DAGs
[2024-12-25T19:12:52.439+0000] {logging_mixin.py:154} INFO - [2024-12-25T19:12:52.438+0000] {dag.py:3722} INFO - Setting next_dagrun for flight_price_prediction to 2024-12-24T00:00:00+00:00, run_after=2024-12-25T00:00:00+00:00
[2024-12-25T19:12:52.471+0000] {processor.py:179} INFO - Processing /opt/airflow/dags/price_prediction.py took 1.619 seconds
[2024-12-25T19:13:22.976+0000] {processor.py:157} INFO - Started process (PID=377) to work on /opt/airflow/dags/price_prediction.py
[2024-12-25T19:13:22.979+0000] {processor.py:829} INFO - Processing file /opt/airflow/dags/price_prediction.py for tasks to queue
[2024-12-25T19:13:22.983+0000] {logging_mixin.py:154} INFO - [2024-12-25T19:13:22.982+0000] {dagbag.py:536} INFO - Filling up the DagBag from /opt/airflow/dags/price_prediction.py
[2024-12-25T19:13:24.618+0000] {processor.py:839} INFO - DAG(s) dict_keys(['flight_price_prediction']) retrieved from /opt/airflow/dags/price_prediction.py
[2024-12-25T19:13:24.654+0000] {logging_mixin.py:154} INFO - [2024-12-25T19:13:24.653+0000] {dag.py:2941} INFO - Sync 1 DAGs
[2024-12-25T19:13:24.694+0000] {logging_mixin.py:154} INFO - [2024-12-25T19:13:24.693+0000] {dag.py:3722} INFO - Setting next_dagrun for flight_price_prediction to 2024-12-24T00:00:00+00:00, run_after=2024-12-25T00:00:00+00:00
[2024-12-25T19:13:24.727+0000] {processor.py:179} INFO - Processing /opt/airflow/dags/price_prediction.py took 1.757 seconds
[2024-12-25T19:13:55.234+0000] {processor.py:157} INFO - Started process (PID=399) to work on /opt/airflow/dags/price_prediction.py
[2024-12-25T19:13:55.236+0000] {processor.py:829} INFO - Processing file /opt/airflow/dags/price_prediction.py for tasks to queue
[2024-12-25T19:13:55.241+0000] {logging_mixin.py:154} INFO - [2024-12-25T19:13:55.241+0000] {dagbag.py:536} INFO - Filling up the DagBag from /opt/airflow/dags/price_prediction.py
[2024-12-25T19:13:56.728+0000] {processor.py:839} INFO - DAG(s) dict_keys(['flight_price_prediction']) retrieved from /opt/airflow/dags/price_prediction.py
[2024-12-25T19:13:56.765+0000] {logging_mixin.py:154} INFO - [2024-12-25T19:13:56.762+0000] {dag.py:2941} INFO - Sync 1 DAGs
[2024-12-25T19:13:56.796+0000] {logging_mixin.py:154} INFO - [2024-12-25T19:13:56.796+0000] {dag.py:3722} INFO - Setting next_dagrun for flight_price_prediction to 2024-12-24T00:00:00+00:00, run_after=2024-12-25T00:00:00+00:00
[2024-12-25T19:13:56.829+0000] {processor.py:179} INFO - Processing /opt/airflow/dags/price_prediction.py took 1.603 seconds
[2024-12-25T19:14:27.503+0000] {processor.py:157} INFO - Started process (PID=421) to work on /opt/airflow/dags/price_prediction.py
[2024-12-25T19:14:27.512+0000] {processor.py:829} INFO - Processing file /opt/airflow/dags/price_prediction.py for tasks to queue
[2024-12-25T19:14:27.523+0000] {logging_mixin.py:154} INFO - [2024-12-25T19:14:27.522+0000] {dagbag.py:536} INFO - Filling up the DagBag from /opt/airflow/dags/price_prediction.py
[2024-12-25T19:14:29.029+0000] {processor.py:839} INFO - DAG(s) dict_keys(['flight_price_prediction']) retrieved from /opt/airflow/dags/price_prediction.py
[2024-12-25T19:14:29.096+0000] {logging_mixin.py:154} INFO - [2024-12-25T19:14:29.095+0000] {dag.py:2941} INFO - Sync 1 DAGs
[2024-12-25T19:14:29.130+0000] {logging_mixin.py:154} INFO - [2024-12-25T19:14:29.130+0000] {dag.py:3722} INFO - Setting next_dagrun for flight_price_prediction to 2024-12-24T00:00:00+00:00, run_after=2024-12-25T00:00:00+00:00
[2024-12-25T19:14:29.169+0000] {processor.py:179} INFO - Processing /opt/airflow/dags/price_prediction.py took 1.678 seconds
[2024-12-25T19:14:59.746+0000] {processor.py:157} INFO - Started process (PID=443) to work on /opt/airflow/dags/price_prediction.py
[2024-12-25T19:14:59.747+0000] {processor.py:829} INFO - Processing file /opt/airflow/dags/price_prediction.py for tasks to queue
[2024-12-25T19:14:59.751+0000] {logging_mixin.py:154} INFO - [2024-12-25T19:14:59.751+0000] {dagbag.py:536} INFO - Filling up the DagBag from /opt/airflow/dags/price_prediction.py
[2024-12-25T19:15:01.233+0000] {processor.py:839} INFO - DAG(s) dict_keys(['flight_price_prediction']) retrieved from /opt/airflow/dags/price_prediction.py
[2024-12-25T19:15:01.287+0000] {logging_mixin.py:154} INFO - [2024-12-25T19:15:01.286+0000] {dag.py:2941} INFO - Sync 1 DAGs
[2024-12-25T19:15:01.338+0000] {logging_mixin.py:154} INFO - [2024-12-25T19:15:01.338+0000] {dag.py:3722} INFO - Setting next_dagrun for flight_price_prediction to 2024-12-24T00:00:00+00:00, run_after=2024-12-25T00:00:00+00:00
[2024-12-25T19:15:01.373+0000] {processor.py:179} INFO - Processing /opt/airflow/dags/price_prediction.py took 1.634 seconds
[2024-12-25T19:15:31.969+0000] {processor.py:157} INFO - Started process (PID=465) to work on /opt/airflow/dags/price_prediction.py
[2024-12-25T19:15:31.971+0000] {processor.py:829} INFO - Processing file /opt/airflow/dags/price_prediction.py for tasks to queue
[2024-12-25T19:15:31.976+0000] {logging_mixin.py:154} INFO - [2024-12-25T19:15:31.975+0000] {dagbag.py:536} INFO - Filling up the DagBag from /opt/airflow/dags/price_prediction.py
[2024-12-25T19:15:33.615+0000] {processor.py:839} INFO - DAG(s) dict_keys(['flight_price_prediction']) retrieved from /opt/airflow/dags/price_prediction.py
[2024-12-25T19:15:33.655+0000] {logging_mixin.py:154} INFO - [2024-12-25T19:15:33.652+0000] {dag.py:2941} INFO - Sync 1 DAGs
[2024-12-25T19:15:33.692+0000] {logging_mixin.py:154} INFO - [2024-12-25T19:15:33.692+0000] {dag.py:3722} INFO - Setting next_dagrun for flight_price_prediction to 2024-12-24T00:00:00+00:00, run_after=2024-12-25T00:00:00+00:00
[2024-12-25T19:15:33.733+0000] {processor.py:179} INFO - Processing /opt/airflow/dags/price_prediction.py took 1.770 seconds
[2024-12-25T19:16:04.396+0000] {processor.py:157} INFO - Started process (PID=487) to work on /opt/airflow/dags/price_prediction.py
[2024-12-25T19:16:04.398+0000] {processor.py:829} INFO - Processing file /opt/airflow/dags/price_prediction.py for tasks to queue
[2024-12-25T19:16:04.413+0000] {logging_mixin.py:154} INFO - [2024-12-25T19:16:04.413+0000] {dagbag.py:536} INFO - Filling up the DagBag from /opt/airflow/dags/price_prediction.py
[2024-12-25T19:16:05.927+0000] {processor.py:839} INFO - DAG(s) dict_keys(['flight_price_prediction']) retrieved from /opt/airflow/dags/price_prediction.py
[2024-12-25T19:16:05.967+0000] {logging_mixin.py:154} INFO - [2024-12-25T19:16:05.966+0000] {dag.py:2941} INFO - Sync 1 DAGs
[2024-12-25T19:16:06.019+0000] {logging_mixin.py:154} INFO - [2024-12-25T19:16:06.018+0000] {dag.py:3722} INFO - Setting next_dagrun for flight_price_prediction to 2024-12-24T00:00:00+00:00, run_after=2024-12-25T00:00:00+00:00
[2024-12-25T19:16:06.060+0000] {processor.py:179} INFO - Processing /opt/airflow/dags/price_prediction.py took 1.672 seconds
[2024-12-25T19:16:36.726+0000] {processor.py:157} INFO - Started process (PID=509) to work on /opt/airflow/dags/price_prediction.py
[2024-12-25T19:16:36.728+0000] {processor.py:829} INFO - Processing file /opt/airflow/dags/price_prediction.py for tasks to queue
[2024-12-25T19:16:36.733+0000] {logging_mixin.py:154} INFO - [2024-12-25T19:16:36.732+0000] {dagbag.py:536} INFO - Filling up the DagBag from /opt/airflow/dags/price_prediction.py
[2024-12-25T19:16:38.228+0000] {processor.py:839} INFO - DAG(s) dict_keys(['flight_price_prediction']) retrieved from /opt/airflow/dags/price_prediction.py
[2024-12-25T19:16:38.264+0000] {logging_mixin.py:154} INFO - [2024-12-25T19:16:38.263+0000] {dag.py:2941} INFO - Sync 1 DAGs
[2024-12-25T19:16:38.304+0000] {logging_mixin.py:154} INFO - [2024-12-25T19:16:38.304+0000] {dag.py:3722} INFO - Setting next_dagrun for flight_price_prediction to 2024-12-24T00:00:00+00:00, run_after=2024-12-25T00:00:00+00:00
[2024-12-25T19:16:38.342+0000] {processor.py:179} INFO - Processing /opt/airflow/dags/price_prediction.py took 1.624 seconds
[2024-12-25T19:17:08.852+0000] {processor.py:157} INFO - Started process (PID=531) to work on /opt/airflow/dags/price_prediction.py
[2024-12-25T19:17:08.854+0000] {processor.py:829} INFO - Processing file /opt/airflow/dags/price_prediction.py for tasks to queue
[2024-12-25T19:17:08.859+0000] {logging_mixin.py:154} INFO - [2024-12-25T19:17:08.858+0000] {dagbag.py:536} INFO - Filling up the DagBag from /opt/airflow/dags/price_prediction.py
[2024-12-25T19:17:10.470+0000] {processor.py:839} INFO - DAG(s) dict_keys(['flight_price_prediction']) retrieved from /opt/airflow/dags/price_prediction.py
[2024-12-25T19:17:10.518+0000] {logging_mixin.py:154} INFO - [2024-12-25T19:17:10.516+0000] {dag.py:2941} INFO - Sync 1 DAGs
[2024-12-25T19:17:10.565+0000] {logging_mixin.py:154} INFO - [2024-12-25T19:17:10.565+0000] {dag.py:3722} INFO - Setting next_dagrun for flight_price_prediction to 2024-12-24T00:00:00+00:00, run_after=2024-12-25T00:00:00+00:00
[2024-12-25T19:17:10.613+0000] {processor.py:179} INFO - Processing /opt/airflow/dags/price_prediction.py took 1.770 seconds
[2024-12-25T19:17:41.141+0000] {processor.py:157} INFO - Started process (PID=560) to work on /opt/airflow/dags/price_prediction.py
[2024-12-25T19:17:41.144+0000] {processor.py:829} INFO - Processing file /opt/airflow/dags/price_prediction.py for tasks to queue
[2024-12-25T19:17:41.148+0000] {logging_mixin.py:154} INFO - [2024-12-25T19:17:41.148+0000] {dagbag.py:536} INFO - Filling up the DagBag from /opt/airflow/dags/price_prediction.py
[2024-12-25T19:17:42.660+0000] {processor.py:839} INFO - DAG(s) dict_keys(['flight_price_prediction']) retrieved from /opt/airflow/dags/price_prediction.py
[2024-12-25T19:17:42.699+0000] {logging_mixin.py:154} INFO - [2024-12-25T19:17:42.698+0000] {dag.py:2941} INFO - Sync 1 DAGs
[2024-12-25T19:17:42.737+0000] {logging_mixin.py:154} INFO - [2024-12-25T19:17:42.737+0000] {dag.py:3722} INFO - Setting next_dagrun for flight_price_prediction to 2024-12-24T00:00:00+00:00, run_after=2024-12-25T00:00:00+00:00
[2024-12-25T19:17:42.781+0000] {processor.py:179} INFO - Processing /opt/airflow/dags/price_prediction.py took 1.646 seconds
[2024-12-25T19:18:13.323+0000] {processor.py:157} INFO - Started process (PID=582) to work on /opt/airflow/dags/price_prediction.py
[2024-12-25T19:18:13.326+0000] {processor.py:829} INFO - Processing file /opt/airflow/dags/price_prediction.py for tasks to queue
[2024-12-25T19:18:13.333+0000] {logging_mixin.py:154} INFO - [2024-12-25T19:18:13.332+0000] {dagbag.py:536} INFO - Filling up the DagBag from /opt/airflow/dags/price_prediction.py
[2024-12-25T19:18:14.859+0000] {processor.py:839} INFO - DAG(s) dict_keys(['flight_price_prediction']) retrieved from /opt/airflow/dags/price_prediction.py
[2024-12-25T19:18:14.897+0000] {logging_mixin.py:154} INFO - [2024-12-25T19:18:14.896+0000] {dag.py:2941} INFO - Sync 1 DAGs
[2024-12-25T19:18:14.935+0000] {logging_mixin.py:154} INFO - [2024-12-25T19:18:14.935+0000] {dag.py:3722} INFO - Setting next_dagrun for flight_price_prediction to 2024-12-24T00:00:00+00:00, run_after=2024-12-25T00:00:00+00:00
[2024-12-25T19:18:14.971+0000] {processor.py:179} INFO - Processing /opt/airflow/dags/price_prediction.py took 1.655 seconds
[2024-12-25T19:18:45.467+0000] {processor.py:157} INFO - Started process (PID=604) to work on /opt/airflow/dags/price_prediction.py
[2024-12-25T19:18:45.469+0000] {processor.py:829} INFO - Processing file /opt/airflow/dags/price_prediction.py for tasks to queue
[2024-12-25T19:18:45.474+0000] {logging_mixin.py:154} INFO - [2024-12-25T19:18:45.473+0000] {dagbag.py:536} INFO - Filling up the DagBag from /opt/airflow/dags/price_prediction.py
[2024-12-25T19:18:47.026+0000] {processor.py:839} INFO - DAG(s) dict_keys(['flight_price_prediction']) retrieved from /opt/airflow/dags/price_prediction.py
[2024-12-25T19:18:47.071+0000] {logging_mixin.py:154} INFO - [2024-12-25T19:18:47.070+0000] {dag.py:2941} INFO - Sync 1 DAGs
[2024-12-25T19:18:47.120+0000] {logging_mixin.py:154} INFO - [2024-12-25T19:18:47.120+0000] {dag.py:3722} INFO - Setting next_dagrun for flight_price_prediction to 2024-12-24T00:00:00+00:00, run_after=2024-12-25T00:00:00+00:00
[2024-12-25T19:18:47.172+0000] {processor.py:179} INFO - Processing /opt/airflow/dags/price_prediction.py took 1.711 seconds
[2024-12-25T19:19:17.709+0000] {processor.py:157} INFO - Started process (PID=626) to work on /opt/airflow/dags/price_prediction.py
[2024-12-25T19:19:17.712+0000] {processor.py:829} INFO - Processing file /opt/airflow/dags/price_prediction.py for tasks to queue
[2024-12-25T19:19:17.717+0000] {logging_mixin.py:154} INFO - [2024-12-25T19:19:17.716+0000] {dagbag.py:536} INFO - Filling up the DagBag from /opt/airflow/dags/price_prediction.py
[2024-12-25T19:19:19.217+0000] {processor.py:839} INFO - DAG(s) dict_keys(['flight_price_prediction']) retrieved from /opt/airflow/dags/price_prediction.py
[2024-12-25T19:19:19.261+0000] {logging_mixin.py:154} INFO - [2024-12-25T19:19:19.260+0000] {dag.py:2941} INFO - Sync 1 DAGs
[2024-12-25T19:19:19.306+0000] {logging_mixin.py:154} INFO - [2024-12-25T19:19:19.306+0000] {dag.py:3722} INFO - Setting next_dagrun for flight_price_prediction to 2024-12-24T00:00:00+00:00, run_after=2024-12-25T00:00:00+00:00
[2024-12-25T19:19:19.362+0000] {processor.py:179} INFO - Processing /opt/airflow/dags/price_prediction.py took 1.659 seconds
[2024-12-25T19:19:49.902+0000] {processor.py:157} INFO - Started process (PID=648) to work on /opt/airflow/dags/price_prediction.py
[2024-12-25T19:19:49.905+0000] {processor.py:829} INFO - Processing file /opt/airflow/dags/price_prediction.py for tasks to queue
[2024-12-25T19:19:49.911+0000] {logging_mixin.py:154} INFO - [2024-12-25T19:19:49.910+0000] {dagbag.py:536} INFO - Filling up the DagBag from /opt/airflow/dags/price_prediction.py
[2024-12-25T19:19:51.580+0000] {processor.py:839} INFO - DAG(s) dict_keys(['flight_price_prediction']) retrieved from /opt/airflow/dags/price_prediction.py
[2024-12-25T19:19:51.627+0000] {logging_mixin.py:154} INFO - [2024-12-25T19:19:51.626+0000] {dag.py:2941} INFO - Sync 1 DAGs
[2024-12-25T19:19:51.674+0000] {logging_mixin.py:154} INFO - [2024-12-25T19:19:51.674+0000] {dag.py:3722} INFO - Setting next_dagrun for flight_price_prediction to 2024-12-24T00:00:00+00:00, run_after=2024-12-25T00:00:00+00:00
[2024-12-25T19:19:51.717+0000] {processor.py:179} INFO - Processing /opt/airflow/dags/price_prediction.py took 1.821 seconds
[2024-12-25T19:20:22.235+0000] {processor.py:157} INFO - Started process (PID=669) to work on /opt/airflow/dags/price_prediction.py
[2024-12-25T19:20:22.242+0000] {processor.py:829} INFO - Processing file /opt/airflow/dags/price_prediction.py for tasks to queue
[2024-12-25T19:20:22.245+0000] {logging_mixin.py:154} INFO - [2024-12-25T19:20:22.245+0000] {dagbag.py:536} INFO - Filling up the DagBag from /opt/airflow/dags/price_prediction.py
[2024-12-25T19:20:23.670+0000] {processor.py:839} INFO - DAG(s) dict_keys(['flight_price_prediction']) retrieved from /opt/airflow/dags/price_prediction.py
[2024-12-25T19:20:23.709+0000] {logging_mixin.py:154} INFO - [2024-12-25T19:20:23.709+0000] {dag.py:2941} INFO - Sync 1 DAGs
[2024-12-25T19:20:23.747+0000] {logging_mixin.py:154} INFO - [2024-12-25T19:20:23.747+0000] {dag.py:3722} INFO - Setting next_dagrun for flight_price_prediction to 2024-12-24T00:00:00+00:00, run_after=2024-12-25T00:00:00+00:00
[2024-12-25T19:20:23.786+0000] {processor.py:179} INFO - Processing /opt/airflow/dags/price_prediction.py took 1.556 seconds
[2024-12-25T19:20:54.308+0000] {processor.py:157} INFO - Started process (PID=692) to work on /opt/airflow/dags/price_prediction.py
[2024-12-25T19:20:54.310+0000] {processor.py:829} INFO - Processing file /opt/airflow/dags/price_prediction.py for tasks to queue
[2024-12-25T19:20:54.314+0000] {logging_mixin.py:154} INFO - [2024-12-25T19:20:54.314+0000] {dagbag.py:536} INFO - Filling up the DagBag from /opt/airflow/dags/price_prediction.py
[2024-12-25T19:20:55.924+0000] {processor.py:839} INFO - DAG(s) dict_keys(['flight_price_prediction']) retrieved from /opt/airflow/dags/price_prediction.py
[2024-12-25T19:20:55.967+0000] {logging_mixin.py:154} INFO - [2024-12-25T19:20:55.967+0000] {dag.py:2941} INFO - Sync 1 DAGs
[2024-12-25T19:20:56.003+0000] {logging_mixin.py:154} INFO - [2024-12-25T19:20:56.003+0000] {dag.py:3722} INFO - Setting next_dagrun for flight_price_prediction to 2024-12-24T00:00:00+00:00, run_after=2024-12-25T00:00:00+00:00
[2024-12-25T19:20:56.037+0000] {processor.py:179} INFO - Processing /opt/airflow/dags/price_prediction.py took 1.736 seconds
[2024-12-25T19:21:26.683+0000] {processor.py:157} INFO - Started process (PID=714) to work on /opt/airflow/dags/price_prediction.py
[2024-12-25T19:21:26.684+0000] {processor.py:829} INFO - Processing file /opt/airflow/dags/price_prediction.py for tasks to queue
[2024-12-25T19:21:26.689+0000] {logging_mixin.py:154} INFO - [2024-12-25T19:21:26.689+0000] {dagbag.py:536} INFO - Filling up the DagBag from /opt/airflow/dags/price_prediction.py
[2024-12-25T19:21:28.368+0000] {processor.py:839} INFO - DAG(s) dict_keys(['flight_price_prediction']) retrieved from /opt/airflow/dags/price_prediction.py
[2024-12-25T19:21:28.423+0000] {logging_mixin.py:154} INFO - [2024-12-25T19:21:28.422+0000] {dag.py:2941} INFO - Sync 1 DAGs
[2024-12-25T19:21:28.478+0000] {logging_mixin.py:154} INFO - [2024-12-25T19:21:28.477+0000] {dag.py:3722} INFO - Setting next_dagrun for flight_price_prediction to 2024-12-24T00:00:00+00:00, run_after=2024-12-25T00:00:00+00:00
[2024-12-25T19:21:28.518+0000] {processor.py:179} INFO - Processing /opt/airflow/dags/price_prediction.py took 1.844 seconds
