[2024-12-24T21:22:40.482+0000] {taskinstance.py:1159} INFO - Dependencies all met for dep_context=non-requeueable deps ti=<TaskInstance: flight_price_prediction.extract_data scheduled__2024-12-23T00:00:00+00:00 [queued]>
[2024-12-24T21:22:40.495+0000] {taskinstance.py:1159} INFO - Dependencies all met for dep_context=requeueable deps ti=<TaskInstance: flight_price_prediction.extract_data scheduled__2024-12-23T00:00:00+00:00 [queued]>
[2024-12-24T21:22:40.496+0000] {taskinstance.py:1361} INFO - Starting attempt 1 of 2
[2024-12-24T21:22:40.516+0000] {taskinstance.py:1382} INFO - Executing <Task(PythonOperator): extract_data> on 2024-12-23 00:00:00+00:00
[2024-12-24T21:22:40.525+0000] {standard_task_runner.py:57} INFO - Started process 131 to run task
[2024-12-24T21:22:40.529+0000] {standard_task_runner.py:84} INFO - Running: ['***', 'tasks', 'run', 'flight_price_prediction', 'extract_data', 'scheduled__2024-12-23T00:00:00+00:00', '--job-id', '87', '--raw', '--subdir', 'DAGS_FOLDER/__pycache__/price_prediction_dag.py', '--cfg-path', '/tmp/tmp8lamz3pi']
[2024-12-24T21:22:40.536+0000] {standard_task_runner.py:85} INFO - Job 87: Subtask extract_data
[2024-12-24T21:22:40.624+0000] {task_command.py:416} INFO - Running <TaskInstance: flight_price_prediction.extract_data scheduled__2024-12-23T00:00:00+00:00 [running]> on host 9f6d8ad0abb3
[2024-12-24T21:22:40.739+0000] {taskinstance.py:1662} INFO - Exporting env vars: AIRFLOW_CTX_DAG_OWNER='***' AIRFLOW_CTX_DAG_ID='flight_price_prediction' AIRFLOW_CTX_TASK_ID='extract_data' AIRFLOW_CTX_EXECUTION_DATE='2024-12-23T00:00:00+00:00' AIRFLOW_CTX_TRY_NUMBER='1' AIRFLOW_CTX_DAG_RUN_ID='scheduled__2024-12-23T00:00:00+00:00'
[2024-12-24T21:22:40.747+0000] {logging_mixin.py:154} INFO - Error in extract_data: [Errno 2] No such file or directory: '/opt/***/dags/data/flights.csv'
[2024-12-24T21:22:40.748+0000] {python.py:194} INFO - Done. Returned value was: None
[2024-12-24T21:22:40.761+0000] {taskinstance.py:1400} INFO - Marking task as SUCCESS. dag_id=flight_price_prediction, task_id=extract_data, execution_date=20241223T000000, start_date=20241224T212240, end_date=20241224T212240
[2024-12-24T21:22:40.786+0000] {local_task_job_runner.py:228} INFO - Task exited with return code 0
[2024-12-24T21:22:40.829+0000] {taskinstance.py:2778} INFO - 1 downstream tasks scheduled from follow-on schedule check
[2024-12-24T21:36:37.669+0000] {taskinstance.py:1159} INFO - Dependencies all met for dep_context=non-requeueable deps ti=<TaskInstance: flight_price_prediction.extract_data scheduled__2024-12-23T00:00:00+00:00 [queued]>
[2024-12-24T21:36:37.685+0000] {taskinstance.py:1159} INFO - Dependencies all met for dep_context=requeueable deps ti=<TaskInstance: flight_price_prediction.extract_data scheduled__2024-12-23T00:00:00+00:00 [queued]>
[2024-12-24T21:36:37.695+0000] {taskinstance.py:1361} INFO - Starting attempt 1 of 2
[2024-12-24T21:36:37.720+0000] {taskinstance.py:1382} INFO - Executing <Task(PythonOperator): extract_data> on 2024-12-23 00:00:00+00:00
[2024-12-24T21:36:37.731+0000] {standard_task_runner.py:57} INFO - Started process 390 to run task
[2024-12-24T21:36:37.735+0000] {standard_task_runner.py:84} INFO - Running: ['***', 'tasks', 'run', 'flight_price_prediction', 'extract_data', 'scheduled__2024-12-23T00:00:00+00:00', '--job-id', '91', '--raw', '--subdir', 'DAGS_FOLDER/price_prediction.py', '--cfg-path', '/tmp/tmpcl3rxbm8']
[2024-12-24T21:36:37.740+0000] {standard_task_runner.py:85} INFO - Job 91: Subtask extract_data
[2024-12-24T21:36:37.823+0000] {task_command.py:416} INFO - Running <TaskInstance: flight_price_prediction.extract_data scheduled__2024-12-23T00:00:00+00:00 [running]> on host 9f6d8ad0abb3
[2024-12-24T21:36:37.952+0000] {taskinstance.py:1662} INFO - Exporting env vars: AIRFLOW_CTX_DAG_OWNER='***' AIRFLOW_CTX_DAG_ID='flight_price_prediction' AIRFLOW_CTX_TASK_ID='extract_data' AIRFLOW_CTX_EXECUTION_DATE='2024-12-23T00:00:00+00:00' AIRFLOW_CTX_TRY_NUMBER='1' AIRFLOW_CTX_DAG_RUN_ID='scheduled__2024-12-23T00:00:00+00:00'
[2024-12-24T21:36:39.936+0000] {logging_mixin.py:154} INFO - Data extracted and saved as pickle
[2024-12-24T21:36:39.945+0000] {python.py:194} INFO - Done. Returned value was: None
[2024-12-24T21:36:39.960+0000] {taskinstance.py:1400} INFO - Marking task as SUCCESS. dag_id=flight_price_prediction, task_id=extract_data, execution_date=20241223T000000, start_date=20241224T213637, end_date=20241224T213639
[2024-12-24T21:36:40.003+0000] {local_task_job_runner.py:228} INFO - Task exited with return code 0
[2024-12-24T21:36:40.054+0000] {taskinstance.py:2778} INFO - 1 downstream tasks scheduled from follow-on schedule check
