[2024-12-24T21:22:42.989+0000] {taskinstance.py:1159} INFO - Dependencies all met for dep_context=non-requeueable deps ti=<TaskInstance: flight_price_prediction.transform_data scheduled__2024-12-23T00:00:00+00:00 [queued]>
[2024-12-24T21:22:43.004+0000] {taskinstance.py:1159} INFO - Dependencies all met for dep_context=requeueable deps ti=<TaskInstance: flight_price_prediction.transform_data scheduled__2024-12-23T00:00:00+00:00 [queued]>
[2024-12-24T21:22:43.005+0000] {taskinstance.py:1361} INFO - Starting attempt 1 of 2
[2024-12-24T21:22:43.026+0000] {taskinstance.py:1382} INFO - Executing <Task(PythonOperator): transform_data> on 2024-12-23 00:00:00+00:00
[2024-12-24T21:22:43.036+0000] {standard_task_runner.py:57} INFO - Started process 145 to run task
[2024-12-24T21:22:43.041+0000] {standard_task_runner.py:84} INFO - Running: ['***', 'tasks', 'run', 'flight_price_prediction', 'transform_data', 'scheduled__2024-12-23T00:00:00+00:00', '--job-id', '88', '--raw', '--subdir', 'DAGS_FOLDER/__pycache__/price_prediction_dag.py', '--cfg-path', '/tmp/tmphv79b55h']
[2024-12-24T21:22:43.050+0000] {standard_task_runner.py:85} INFO - Job 88: Subtask transform_data
[2024-12-24T21:22:43.129+0000] {task_command.py:416} INFO - Running <TaskInstance: flight_price_prediction.transform_data scheduled__2024-12-23T00:00:00+00:00 [running]> on host 9f6d8ad0abb3
[2024-12-24T21:22:43.238+0000] {taskinstance.py:1662} INFO - Exporting env vars: AIRFLOW_CTX_DAG_OWNER='***' AIRFLOW_CTX_DAG_ID='flight_price_prediction' AIRFLOW_CTX_TASK_ID='transform_data' AIRFLOW_CTX_EXECUTION_DATE='2024-12-23T00:00:00+00:00' AIRFLOW_CTX_TRY_NUMBER='1' AIRFLOW_CTX_DAG_RUN_ID='scheduled__2024-12-23T00:00:00+00:00'
[2024-12-24T21:22:43.243+0000] {logging_mixin.py:154} INFO - Error in transform_data: [Errno 2] No such file or directory: '/opt/***/dags/data/raw_data.pkl'
[2024-12-24T21:22:43.243+0000] {python.py:194} INFO - Done. Returned value was: None
[2024-12-24T21:22:43.257+0000] {taskinstance.py:1400} INFO - Marking task as SUCCESS. dag_id=flight_price_prediction, task_id=transform_data, execution_date=20241223T000000, start_date=20241224T212242, end_date=20241224T212243
[2024-12-24T21:22:43.298+0000] {local_task_job_runner.py:228} INFO - Task exited with return code 0
[2024-12-24T21:22:43.348+0000] {taskinstance.py:2778} INFO - 1 downstream tasks scheduled from follow-on schedule check
[2024-12-24T21:36:43.700+0000] {taskinstance.py:1159} INFO - Dependencies all met for dep_context=non-requeueable deps ti=<TaskInstance: flight_price_prediction.transform_data scheduled__2024-12-23T00:00:00+00:00 [queued]>
[2024-12-24T21:36:43.720+0000] {taskinstance.py:1159} INFO - Dependencies all met for dep_context=requeueable deps ti=<TaskInstance: flight_price_prediction.transform_data scheduled__2024-12-23T00:00:00+00:00 [queued]>
[2024-12-24T21:36:43.721+0000] {taskinstance.py:1361} INFO - Starting attempt 1 of 2
[2024-12-24T21:36:43.752+0000] {taskinstance.py:1382} INFO - Executing <Task(PythonOperator): transform_data> on 2024-12-23 00:00:00+00:00
[2024-12-24T21:36:43.764+0000] {standard_task_runner.py:57} INFO - Started process 404 to run task
[2024-12-24T21:36:43.769+0000] {standard_task_runner.py:84} INFO - Running: ['***', 'tasks', 'run', 'flight_price_prediction', 'transform_data', 'scheduled__2024-12-23T00:00:00+00:00', '--job-id', '92', '--raw', '--subdir', 'DAGS_FOLDER/price_prediction.py', '--cfg-path', '/tmp/tmpae_2vmqy']
[2024-12-24T21:36:43.776+0000] {standard_task_runner.py:85} INFO - Job 92: Subtask transform_data
[2024-12-24T21:36:43.873+0000] {task_command.py:416} INFO - Running <TaskInstance: flight_price_prediction.transform_data scheduled__2024-12-23T00:00:00+00:00 [running]> on host 9f6d8ad0abb3
[2024-12-24T21:36:44.011+0000] {taskinstance.py:1662} INFO - Exporting env vars: AIRFLOW_CTX_DAG_OWNER='***' AIRFLOW_CTX_DAG_ID='flight_price_prediction' AIRFLOW_CTX_TASK_ID='transform_data' AIRFLOW_CTX_EXECUTION_DATE='2024-12-23T00:00:00+00:00' AIRFLOW_CTX_TRY_NUMBER='1' AIRFLOW_CTX_DAG_RUN_ID='scheduled__2024-12-23T00:00:00+00:00'
[2024-12-24T21:36:44.827+0000] {logging_mixin.py:154} INFO - Data transformed and saved as pickle
[2024-12-24T21:36:44.834+0000] {python.py:194} INFO - Done. Returned value was: None
[2024-12-24T21:36:44.848+0000] {taskinstance.py:1400} INFO - Marking task as SUCCESS. dag_id=flight_price_prediction, task_id=transform_data, execution_date=20241223T000000, start_date=20241224T213643, end_date=20241224T213644
[2024-12-24T21:36:44.910+0000] {local_task_job_runner.py:228} INFO - Task exited with return code 0
[2024-12-24T21:36:44.956+0000] {taskinstance.py:2778} INFO - 1 downstream tasks scheduled from follow-on schedule check
