[2024-12-21T19:25:07.073+0000] {taskinstance.py:1159} INFO - Dependencies all met for dep_context=non-requeueable deps ti=<TaskInstance: basic_scraper_dag.fetch_webpage scheduled__2023-12-22T00:00:00+00:00 [queued]>
[2024-12-21T19:25:07.088+0000] {taskinstance.py:1159} INFO - Dependencies all met for dep_context=requeueable deps ti=<TaskInstance: basic_scraper_dag.fetch_webpage scheduled__2023-12-22T00:00:00+00:00 [queued]>
[2024-12-21T19:25:07.090+0000] {taskinstance.py:1361} INFO - Starting attempt 1 of 2
[2024-12-21T19:25:07.109+0000] {taskinstance.py:1382} INFO - Executing <Task(PythonOperator): fetch_webpage> on 2023-12-22 00:00:00+00:00
[2024-12-21T19:25:07.116+0000] {standard_task_runner.py:57} INFO - Started process 74 to run task
[2024-12-21T19:25:07.119+0000] {standard_task_runner.py:84} INFO - Running: ['***', 'tasks', 'run', 'basic_scraper_dag', 'fetch_webpage', 'scheduled__2023-12-22T00:00:00+00:00', '--job-id', '9', '--raw', '--subdir', 'DAGS_FOLDER/basic_scraper.py', '--cfg-path', '/tmp/tmpzlyq7nst']
[2024-12-21T19:25:07.121+0000] {standard_task_runner.py:85} INFO - Job 9: Subtask fetch_webpage
[2024-12-21T19:25:07.207+0000] {task_command.py:416} INFO - Running <TaskInstance: basic_scraper_dag.fetch_webpage scheduled__2023-12-22T00:00:00+00:00 [running]> on host 501c49261416
[2024-12-21T19:25:07.325+0000] {taskinstance.py:1662} INFO - Exporting env vars: AIRFLOW_CTX_DAG_OWNER='Mritunjay' AIRFLOW_CTX_DAG_ID='basic_scraper_dag' AIRFLOW_CTX_TASK_ID='fetch_webpage' AIRFLOW_CTX_EXECUTION_DATE='2023-12-22T00:00:00+00:00' AIRFLOW_CTX_TRY_NUMBER='1' AIRFLOW_CTX_DAG_RUN_ID='scheduled__2023-12-22T00:00:00+00:00'
[2024-12-21T19:25:08.369+0000] {logging_mixin.py:154} INFO - <!doctype html><html lang="en"><head><link href="https://rukminim2.flixcart.com" rel="preconnect"/><link rel="stylesheet" href="//static-assets-web.flixcart.com/fk-p-linchpin-web/fk-cp-zion/css/atlas.chunk.8dd48d.css"/><link rel="stylesheet" href="//static-assets-web.flixcart.com/fk-p-linchpin-web/fk-cp-zion/css/app_modules.chunk.c48a12.css"/><link rel="stylesheet" href="//static-assets-web.flixcart.com/fk-p-linchpin-web/fk-cp-zion/css/app.chunk.1def6f.css"/><meta http-equiv="Content-type" conte
[2024-12-21T19:25:08.372+0000] {python.py:194} INFO - Done. Returned value was: None
[2024-12-21T19:25:08.392+0000] {taskinstance.py:1400} INFO - Marking task as SUCCESS. dag_id=basic_scraper_dag, task_id=fetch_webpage, execution_date=20231222T000000, start_date=20241221T192507, end_date=20241221T192508
[2024-12-21T19:25:08.463+0000] {local_task_job_runner.py:228} INFO - Task exited with return code 0
[2024-12-21T19:25:08.494+0000] {taskinstance.py:2778} INFO - 0 downstream tasks scheduled from follow-on schedule check
[2024-12-21T19:31:50.180+0000] {taskinstance.py:1159} INFO - Dependencies all met for dep_context=non-requeueable deps ti=<TaskInstance: basic_scraper_dag.fetch_webpage scheduled__2023-12-22T00:00:00+00:00 [queued]>
[2024-12-21T19:31:50.202+0000] {taskinstance.py:1159} INFO - Dependencies all met for dep_context=requeueable deps ti=<TaskInstance: basic_scraper_dag.fetch_webpage scheduled__2023-12-22T00:00:00+00:00 [queued]>
[2024-12-21T19:31:50.203+0000] {taskinstance.py:1361} INFO - Starting attempt 1 of 2
[2024-12-21T19:31:50.233+0000] {taskinstance.py:1382} INFO - Executing <Task(PythonOperator): fetch_webpage> on 2023-12-22 00:00:00+00:00
[2024-12-21T19:31:50.243+0000] {standard_task_runner.py:57} INFO - Started process 179 to run task
[2024-12-21T19:31:50.249+0000] {standard_task_runner.py:84} INFO - Running: ['***', 'tasks', 'run', 'basic_scraper_dag', 'fetch_webpage', 'scheduled__2023-12-22T00:00:00+00:00', '--job-id', '10', '--raw', '--subdir', 'DAGS_FOLDER/basic_scraper.py', '--cfg-path', '/tmp/tmpdzxltn7q']
[2024-12-21T19:31:50.255+0000] {standard_task_runner.py:85} INFO - Job 10: Subtask fetch_webpage
[2024-12-21T19:31:50.324+0000] {task_command.py:416} INFO - Running <TaskInstance: basic_scraper_dag.fetch_webpage scheduled__2023-12-22T00:00:00+00:00 [running]> on host 501c49261416
[2024-12-21T19:31:50.399+0000] {taskinstance.py:1662} INFO - Exporting env vars: AIRFLOW_CTX_DAG_OWNER='Mritunjay' AIRFLOW_CTX_DAG_ID='basic_scraper_dag' AIRFLOW_CTX_TASK_ID='fetch_webpage' AIRFLOW_CTX_EXECUTION_DATE='2023-12-22T00:00:00+00:00' AIRFLOW_CTX_TRY_NUMBER='1' AIRFLOW_CTX_DAG_RUN_ID='scheduled__2023-12-22T00:00:00+00:00'
[2024-12-21T19:31:51.733+0000] {python.py:194} INFO - Done. Returned value was: None
[2024-12-21T19:31:51.749+0000] {taskinstance.py:1400} INFO - Marking task as SUCCESS. dag_id=basic_scraper_dag, task_id=fetch_webpage, execution_date=20231222T000000, start_date=20241221T193150, end_date=20241221T193151
[2024-12-21T19:31:51.790+0000] {local_task_job_runner.py:228} INFO - Task exited with return code 0
[2024-12-21T19:31:51.805+0000] {taskinstance.py:2778} INFO - 0 downstream tasks scheduled from follow-on schedule check
