[2024-12-24T21:22:49.274+0000] {taskinstance.py:1159} INFO - Dependencies all met for dep_context=non-requeueable deps ti=<TaskInstance: flight_price_prediction.evaluate_model scheduled__2024-12-23T00:00:00+00:00 [queued]>
[2024-12-24T21:22:49.289+0000] {taskinstance.py:1159} INFO - Dependencies all met for dep_context=requeueable deps ti=<TaskInstance: flight_price_prediction.evaluate_model scheduled__2024-12-23T00:00:00+00:00 [queued]>
[2024-12-24T21:22:49.290+0000] {taskinstance.py:1361} INFO - Starting attempt 1 of 2
[2024-12-24T21:22:49.312+0000] {taskinstance.py:1382} INFO - Executing <Task(PythonOperator): evaluate_model> on 2024-12-23 00:00:00+00:00
[2024-12-24T21:22:49.322+0000] {standard_task_runner.py:57} INFO - Started process 180 to run task
[2024-12-24T21:22:49.326+0000] {standard_task_runner.py:84} INFO - Running: ['***', 'tasks', 'run', 'flight_price_prediction', 'evaluate_model', 'scheduled__2024-12-23T00:00:00+00:00', '--job-id', '90', '--raw', '--subdir', 'DAGS_FOLDER/__pycache__/price_prediction_dag.py', '--cfg-path', '/tmp/tmp2j8dhgis']
[2024-12-24T21:22:49.331+0000] {standard_task_runner.py:85} INFO - Job 90: Subtask evaluate_model
[2024-12-24T21:22:49.402+0000] {task_command.py:416} INFO - Running <TaskInstance: flight_price_prediction.evaluate_model scheduled__2024-12-23T00:00:00+00:00 [running]> on host 9f6d8ad0abb3
[2024-12-24T21:22:49.527+0000] {taskinstance.py:1662} INFO - Exporting env vars: AIRFLOW_CTX_DAG_OWNER='***' AIRFLOW_CTX_DAG_ID='flight_price_prediction' AIRFLOW_CTX_TASK_ID='evaluate_model' AIRFLOW_CTX_EXECUTION_DATE='2024-12-23T00:00:00+00:00' AIRFLOW_CTX_TRY_NUMBER='1' AIRFLOW_CTX_DAG_RUN_ID='scheduled__2024-12-23T00:00:00+00:00'
[2024-12-24T21:22:49.531+0000] {logging_mixin.py:154} INFO - Error in evaluate_model: [Errno 2] No such file or directory: '/opt/***/dags/data/transformed_data.pkl'
[2024-12-24T21:22:49.532+0000] {python.py:194} INFO - Done. Returned value was: None
[2024-12-24T21:22:49.553+0000] {taskinstance.py:1400} INFO - Marking task as SUCCESS. dag_id=flight_price_prediction, task_id=evaluate_model, execution_date=20241223T000000, start_date=20241224T212249, end_date=20241224T212249
[2024-12-24T21:22:49.621+0000] {local_task_job_runner.py:228} INFO - Task exited with return code 0
[2024-12-24T21:22:49.644+0000] {taskinstance.py:2778} INFO - 0 downstream tasks scheduled from follow-on schedule check
[2024-12-24T21:37:18.848+0000] {taskinstance.py:1159} INFO - Dependencies all met for dep_context=non-requeueable deps ti=<TaskInstance: flight_price_prediction.evaluate_model scheduled__2024-12-23T00:00:00+00:00 [queued]>
[2024-12-24T21:37:18.865+0000] {taskinstance.py:1159} INFO - Dependencies all met for dep_context=requeueable deps ti=<TaskInstance: flight_price_prediction.evaluate_model scheduled__2024-12-23T00:00:00+00:00 [queued]>
[2024-12-24T21:37:18.866+0000] {taskinstance.py:1361} INFO - Starting attempt 1 of 2
[2024-12-24T21:37:18.887+0000] {taskinstance.py:1382} INFO - Executing <Task(PythonOperator): evaluate_model> on 2024-12-23 00:00:00+00:00
[2024-12-24T21:37:18.897+0000] {standard_task_runner.py:57} INFO - Started process 440 to run task
[2024-12-24T21:37:18.902+0000] {standard_task_runner.py:84} INFO - Running: ['***', 'tasks', 'run', 'flight_price_prediction', 'evaluate_model', 'scheduled__2024-12-23T00:00:00+00:00', '--job-id', '94', '--raw', '--subdir', 'DAGS_FOLDER/price_prediction.py', '--cfg-path', '/tmp/tmp9_e25et_']
[2024-12-24T21:37:18.907+0000] {standard_task_runner.py:85} INFO - Job 94: Subtask evaluate_model
[2024-12-24T21:37:18.986+0000] {task_command.py:416} INFO - Running <TaskInstance: flight_price_prediction.evaluate_model scheduled__2024-12-23T00:00:00+00:00 [running]> on host 9f6d8ad0abb3
[2024-12-24T21:37:19.110+0000] {taskinstance.py:1662} INFO - Exporting env vars: AIRFLOW_CTX_DAG_OWNER='***' AIRFLOW_CTX_DAG_ID='flight_price_prediction' AIRFLOW_CTX_TASK_ID='evaluate_model' AIRFLOW_CTX_EXECUTION_DATE='2024-12-23T00:00:00+00:00' AIRFLOW_CTX_TRY_NUMBER='1' AIRFLOW_CTX_DAG_RUN_ID='scheduled__2024-12-23T00:00:00+00:00'
[2024-12-24T21:37:20.337+0000] {logging_mixin.py:154} INFO - Model Evaluation Metrics:
MSE: 0.00
MAE: 0.00
R² Score: 1.00
[2024-12-24T21:37:20.338+0000] {python.py:194} INFO - Done. Returned value was: None
[2024-12-24T21:37:20.353+0000] {taskinstance.py:1400} INFO - Marking task as SUCCESS. dag_id=flight_price_prediction, task_id=evaluate_model, execution_date=20241223T000000, start_date=20241224T213718, end_date=20241224T213720
[2024-12-24T21:37:20.405+0000] {local_task_job_runner.py:228} INFO - Task exited with return code 0
[2024-12-24T21:37:20.435+0000] {taskinstance.py:2778} INFO - 0 downstream tasks scheduled from follow-on schedule check
